<?xml version="1.0" encoding="UTF-8"?>
<testsuite name="net.sourceforge.czt.typecheck.z.TypeCheckerTest" time="1.017" tests="327" errors="0" skipped="0" failures="0">
  <properties>
    <property name="java.runtime.name" value="OpenJDK Runtime Environment"/>
    <property name="sun.boot.library.path" value="/usr/lib/jvm/java-1.8.0-openjdk-1.8.0.262.b10-0.el7_8.x86_64/jre/lib/amd64"/>
    <property name="java.vm.version" value="25.262-b10"/>
    <property name="java.vm.vendor" value="Oracle Corporation"/>
    <property name="maven.multiModuleProjectDirectory" value="/root/czt-code"/>
    <property name="java.vendor.url" value="http://java.oracle.com/"/>
    <property name="path.separator" value=":"/>
    <property name="guice.disable.misplaced.annotation.check" value="true"/>
    <property name="java.vm.name" value="OpenJDK 64-Bit Server VM"/>
    <property name="file.encoding.pkg" value="sun.io"/>
    <property name="user.country" value="US"/>
    <property name="sun.java.launcher" value="SUN_STANDARD"/>
    <property name="sun.os.patch.level" value="unknown"/>
    <property name="java.vm.specification.name" value="Java Virtual Machine Specification"/>
    <property name="user.dir" value="/root/czt-code"/>
    <property name="java.runtime.version" value="1.8.0_262-b10"/>
    <property name="java.awt.graphicsenv" value="sun.awt.X11GraphicsEnvironment"/>
    <property name="java.endorsed.dirs" value="/usr/lib/jvm/java-1.8.0-openjdk-1.8.0.262.b10-0.el7_8.x86_64/jre/lib/endorsed"/>
    <property name="os.arch" value="amd64"/>
    <property name="java.io.tmpdir" value="/tmp"/>
    <property name="line.separator" value="&#10;"/>
    <property name="java.vm.specification.vendor" value="Oracle Corporation"/>
    <property name="os.name" value="Linux"/>
    <property name="classworlds.conf" value="/usr/local/apache-maven-3.5.4/bin/m2.conf"/>
    <property name="sun.jnu.encoding" value="UTF-8"/>
    <property name="java.library.path" value="/usr/java/packages/lib/amd64:/usr/lib64:/lib64:/lib:/usr/lib"/>
    <property name="maven.conf" value="/usr/local/apache-maven-3.5.4/conf"/>
    <property name="java.specification.name" value="Java Platform API Specification"/>
    <property name="java.class.version" value="52.0"/>
    <property name="sun.management.compiler" value="HotSpot 64-Bit Tiered Compilers"/>
    <property name="os.version" value="3.10.0-1062.12.1.el7.x86_64"/>
    <property name="library.jansi.path" value="/usr/local/apache-maven-3.5.4/lib/jansi-native"/>
    <property name="user.home" value="/root"/>
    <property name="user.timezone" value="UTC"/>
    <property name="java.awt.printerjob" value="sun.print.PSPrinterJob"/>
    <property name="java.specification.version" value="1.8"/>
    <property name="file.encoding" value="UTF-8"/>
    <property name="user.name" value="root"/>
    <property name="java.class.path" value="/usr/local/apache-maven-3.5.4/boot/plexus-classworlds-2.5.2.jar"/>
    <property name="java.vm.specification.version" value="1.8"/>
    <property name="sun.arch.data.model" value="64"/>
    <property name="java.home" value="/usr/lib/jvm/java-1.8.0-openjdk-1.8.0.262.b10-0.el7_8.x86_64/jre"/>
    <property name="sun.java.command" value="org.codehaus.plexus.classworlds.launcher.Launcher clean install -U"/>
    <property name="java.specification.vendor" value="Oracle Corporation"/>
    <property name="user.language" value="en"/>
    <property name="awt.toolkit" value="sun.awt.X11.XToolkit"/>
    <property name="java.vm.info" value="mixed mode"/>
    <property name="java.version" value="1.8.0_262"/>
    <property name="java.ext.dirs" value="/usr/lib/jvm/java-1.8.0-openjdk-1.8.0.262.b10-0.el7_8.x86_64/jre/lib/ext:/usr/java/packages/lib/ext"/>
    <property name="securerandom.source" value="file:/dev/./urandom"/>
    <property name="sun.boot.class.path" value="/usr/lib/jvm/java-1.8.0-openjdk-1.8.0.262.b10-0.el7_8.x86_64/jre/lib/resources.jar:/usr/lib/jvm/java-1.8.0-openjdk-1.8.0.262.b10-0.el7_8.x86_64/jre/lib/rt.jar:/usr/lib/jvm/java-1.8.0-openjdk-1.8.0.262.b10-0.el7_8.x86_64/jre/lib/sunrsasign.jar:/usr/lib/jvm/java-1.8.0-openjdk-1.8.0.262.b10-0.el7_8.x86_64/jre/lib/jsse.jar:/usr/lib/jvm/java-1.8.0-openjdk-1.8.0.262.b10-0.el7_8.x86_64/jre/lib/jce.jar:/usr/lib/jvm/java-1.8.0-openjdk-1.8.0.262.b10-0.el7_8.x86_64/jre/lib/charsets.jar:/usr/lib/jvm/java-1.8.0-openjdk-1.8.0.262.b10-0.el7_8.x86_64/jre/lib/jfr.jar:/usr/lib/jvm/java-1.8.0-openjdk-1.8.0.262.b10-0.el7_8.x86_64/jre/classes"/>
    <property name="java.vendor" value="Oracle Corporation"/>
    <property name="maven.home" value="/usr/local/apache-maven-3.5.4"/>
    <property name="file.separator" value="/"/>
    <property name="java.vendor.url.bug" value="http://bugreport.sun.com/bugreport/"/>
    <property name="sun.cpu.endian" value="little"/>
    <property name="sun.io.unicode.encoding" value="UnicodeLittle"/>
    <property name="sun.font.fontmanager" value="sun.awt.X11FontManager"/>
    <property name="sun.cpu.isalist" value=""/>
  </properties>
  <testcase name="Test normal: file:/root/czt-code/typechecker/typechecker-z/target/test-classes/net/sourceforge/czt/typecheck/tests/z/AndPred.tex" classname="net.sourceforge.czt.typecheck.z.TypeCheckerTest$TestNormal" time="0.041"/>
  <testcase name="Test normal: file:/root/czt-code/typechecker/typechecker-z/target/test-classes/net/sourceforge/czt/typecheck/tests/z/AndPred.tex" classname="net.sourceforge.czt.typecheck.z.TypeCheckerTest$TestNormal" time="0.023"/>
  <testcase name="Test normal: file:/root/czt-code/typechecker/typechecker-z/target/test-classes/net/sourceforge/czt/typecheck/tests/z/ApplExpr.tex" classname="net.sourceforge.czt.typecheck.z.TypeCheckerTest$TestNormal" time="0.007"/>
  <testcase name="Test normal: file:/root/czt-code/typechecker/typechecker-z/target/test-classes/net/sourceforge/czt/typecheck/tests/z/ApplExpr.tex" classname="net.sourceforge.czt.typecheck.z.TypeCheckerTest$TestNormal" time="0"/>
  <testcase name="Test normal: file:/root/czt-code/typechecker/typechecker-z/target/test-classes/net/sourceforge/czt/typecheck/tests/z/BindExpr.tex" classname="net.sourceforge.czt.typecheck.z.TypeCheckerTest$TestNormal" time="0.007"/>
  <testcase name="Test normal: file:/root/czt-code/typechecker/typechecker-z/target/test-classes/net/sourceforge/czt/typecheck/tests/z/BindExpr.tex" classname="net.sourceforge.czt.typecheck.z.TypeCheckerTest$TestNormal" time="0"/>
  <testcase name="Test normal: file:/root/czt-code/typechecker/typechecker-z/target/test-classes/net/sourceforge/czt/typecheck/tests/z/BindSelExpr.tex" classname="net.sourceforge.czt.typecheck.z.TypeCheckerTest$TestNormal" time="0.02"/>
  <testcase name="Test normal: file:/root/czt-code/typechecker/typechecker-z/target/test-classes/net/sourceforge/czt/typecheck/tests/z/BindSelExpr.tex" classname="net.sourceforge.czt.typecheck.z.TypeCheckerTest$TestNormal" time="0.021"/>
  <testcase name="Test normal: file:/root/czt-code/typechecker/typechecker-z/target/test-classes/net/sourceforge/czt/typecheck/tests/z/CharTuple.tex" classname="net.sourceforge.czt.typecheck.z.TypeCheckerTest$TestNormal" time="0.028"/>
  <testcase name="Test normal: file:/root/czt-code/typechecker/typechecker-z/target/test-classes/net/sourceforge/czt/typecheck/tests/z/CharTuple.tex" classname="net.sourceforge.czt.typecheck.z.TypeCheckerTest$TestNormal" time="0"/>
  <testcase name="Test normal: file:/root/czt-code/typechecker/typechecker-z/target/test-classes/net/sourceforge/czt/typecheck/tests/z/CompExpr.tex" classname="net.sourceforge.czt.typecheck.z.TypeCheckerTest$TestNormal" time="0.011"/>
  <testcase name="Test normal: file:/root/czt-code/typechecker/typechecker-z/target/test-classes/net/sourceforge/czt/typecheck/tests/z/CompExpr.tex" classname="net.sourceforge.czt.typecheck.z.TypeCheckerTest$TestNormal" time="0.012"/>
  <testcase name="Test normal: file:/root/czt-code/typechecker/typechecker-z/target/test-classes/net/sourceforge/czt/typecheck/tests/z/CondExpr.tex" classname="net.sourceforge.czt.typecheck.z.TypeCheckerTest$TestNormal" time="0.01"/>
  <testcase name="Test normal: file:/root/czt-code/typechecker/typechecker-z/target/test-classes/net/sourceforge/czt/typecheck/tests/z/CondExpr.tex" classname="net.sourceforge.czt.typecheck.z.TypeCheckerTest$TestNormal" time="0"/>
  <testcase name="Test normal: file:/root/czt-code/typechecker/typechecker-z/target/test-classes/net/sourceforge/czt/typecheck/tests/z/ConstDecl.tex" classname="net.sourceforge.czt.typecheck.z.TypeCheckerTest$TestNormal" time="0.011"/>
  <testcase name="Test normal: file:/root/czt-code/typechecker/typechecker-z/target/test-classes/net/sourceforge/czt/typecheck/tests/z/ConstDecl.tex" classname="net.sourceforge.czt.typecheck.z.TypeCheckerTest$TestNormal" time="0"/>
  <testcase name="Test normal: file:/root/czt-code/typechecker/typechecker-z/target/test-classes/net/sourceforge/czt/typecheck/tests/z/DecorExpr.tex" classname="net.sourceforge.czt.typecheck.z.TypeCheckerTest$TestNormal" time="0.011"/>
  <testcase name="Test normal: file:/root/czt-code/typechecker/typechecker-z/target/test-classes/net/sourceforge/czt/typecheck/tests/z/DecorExpr.tex" classname="net.sourceforge.czt.typecheck.z.TypeCheckerTest$TestNormal" time="0.013"/>
  <testcase name="Test error - DuplicateInBindExpr: file:/root/czt-code/typechecker/typechecker-z/target/test-classes/net/sourceforge/czt/typecheck/tests/z/DuplicateInBindExpr-BindExpr.error" classname="net.sourceforge.czt.typecheck.z.TypeCheckerTest$TestError" time="0.011"/>
  <testcase name="Test error - DuplicateInBindExpr: file:/root/czt-code/typechecker/typechecker-z/target/test-classes/net/sourceforge/czt/typecheck/tests/z/DuplicateInBindExpr-BindExpr.error" classname="net.sourceforge.czt.typecheck.z.TypeCheckerTest$TestError" time="0"/>
  <testcase name="Test error - DuplicateNameInRenameExpr: file:/root/czt-code/typechecker/typechecker-z/target/test-classes/net/sourceforge/czt/typecheck/tests/z/DuplicateNameInRenameExpr-RenameExpr-Vtype.error" classname="net.sourceforge.czt.typecheck.z.TypeCheckerTest$TestError" time="0"/>
  <testcase name="Test error - DuplicateNameInRenameExpr: file:/root/czt-code/typechecker/typechecker-z/target/test-classes/net/sourceforge/czt/typecheck/tests/z/DuplicateNameInRenameExpr-RenameExpr-Vtype.error" classname="net.sourceforge.czt.typecheck.z.TypeCheckerTest$TestError" time="0"/>
  <testcase name="Test error - DuplicateNameInRenameExpr: file:/root/czt-code/typechecker/typechecker-z/target/test-classes/net/sourceforge/czt/typecheck/tests/z/DuplicateNameInRenameExpr-RenameExpr.error" classname="net.sourceforge.czt.typecheck.z.TypeCheckerTest$TestError" time="0"/>
  <testcase name="Test error - DuplicateNameInRenameExpr: file:/root/czt-code/typechecker/typechecker-z/target/test-classes/net/sourceforge/czt/typecheck/tests/z/DuplicateNameInRenameExpr-RenameExpr.error" classname="net.sourceforge.czt.typecheck.z.TypeCheckerTest$TestError" time="0"/>
  <testcase name="Test normal: file:/root/czt-code/typechecker/typechecker-z/target/test-classes/net/sourceforge/czt/typecheck/tests/z/ExprPred.tex" classname="net.sourceforge.czt.typecheck.z.TypeCheckerTest$TestNormal" time="0.007"/>
  <testcase name="Test normal: file:/root/czt-code/typechecker/typechecker-z/target/test-classes/net/sourceforge/czt/typecheck/tests/z/ExprPred.tex" classname="net.sourceforge.czt.typecheck.z.TypeCheckerTest$TestNormal" time="0"/>
  <testcase name="Test normal: file:/root/czt-code/typechecker/typechecker-z/target/test-classes/net/sourceforge/czt/typecheck/tests/z/Freetypes.tex" classname="net.sourceforge.czt.typecheck.z.TypeCheckerTest$TestNormal" time="0.007"/>
  <testcase name="Test normal: file:/root/czt-code/typechecker/typechecker-z/target/test-classes/net/sourceforge/czt/typecheck/tests/z/Freetypes.tex" classname="net.sourceforge.czt.typecheck.z.TypeCheckerTest$TestNormal" time="0.005"/>
  <testcase name="Test error - GenericTypeInThetaExpr: file:/root/czt-code/typechecker/typechecker-z/target/test-classes/net/sourceforge/czt/typecheck/tests/z/GenericTypeInThetaExpr-ThetaExpr.error" classname="net.sourceforge.czt.typecheck.z.TypeCheckerTest$TestError" time="0"/>
  <testcase name="Test error - GenericTypeInThetaExpr: file:/root/czt-code/typechecker/typechecker-z/target/test-classes/net/sourceforge/czt/typecheck/tests/z/GenericTypeInThetaExpr-ThetaExpr.error" classname="net.sourceforge.czt.typecheck.z.TypeCheckerTest$TestError" time="0"/>
  <testcase name="Test normal: file:/root/czt-code/typechecker/typechecker-z/target/test-classes/net/sourceforge/czt/typecheck/tests/z/HideExpr.tex" classname="net.sourceforge.czt.typecheck.z.TypeCheckerTest$TestNormal" time="0.007"/>
  <testcase name="Test normal: file:/root/czt-code/typechecker/typechecker-z/target/test-classes/net/sourceforge/czt/typecheck/tests/z/HideExpr.tex" classname="net.sourceforge.czt.typecheck.z.TypeCheckerTest$TestNormal" time="0.019"/>
  <testcase name="Test normal: file:/root/czt-code/typechecker/typechecker-z/target/test-classes/net/sourceforge/czt/typecheck/tests/z/InclDecl.tex" classname="net.sourceforge.czt.typecheck.z.TypeCheckerTest$TestNormal" time="0.011"/>
  <testcase name="Test normal: file:/root/czt-code/typechecker/typechecker-z/target/test-classes/net/sourceforge/czt/typecheck/tests/z/InclDecl.tex" classname="net.sourceforge.czt.typecheck.z.TypeCheckerTest$TestNormal" time="0"/>
  <testcase name="Test error - IndexErrorInTupleSelExpr: file:/root/czt-code/typechecker/typechecker-z/target/test-classes/net/sourceforge/czt/typecheck/tests/z/IndexErrorInTupleSelExpr-TupleSelExpr-1.error" classname="net.sourceforge.czt.typecheck.z.TypeCheckerTest$TestError" time="0"/>
  <testcase name="Test error - IndexErrorInTupleSelExpr: file:/root/czt-code/typechecker/typechecker-z/target/test-classes/net/sourceforge/czt/typecheck/tests/z/IndexErrorInTupleSelExpr-TupleSelExpr-1.error" classname="net.sourceforge.czt.typecheck.z.TypeCheckerTest$TestError" time="0"/>
  <testcase name="Test error - IndexErrorInTupleSelExpr: file:/root/czt-code/typechecker/typechecker-z/target/test-classes/net/sourceforge/czt/typecheck/tests/z/IndexErrorInTupleSelExpr-TupleSelExpr-2.error" classname="net.sourceforge.czt.typecheck.z.TypeCheckerTest$TestError" time="0.007"/>
  <testcase name="Test error - IndexErrorInTupleSelExpr: file:/root/czt-code/typechecker/typechecker-z/target/test-classes/net/sourceforge/czt/typecheck/tests/z/IndexErrorInTupleSelExpr-TupleSelExpr-2.error" classname="net.sourceforge.czt.typecheck.z.TypeCheckerTest$TestError" time="0.011"/>
  <testcase name="Test normal: file:/root/czt-code/typechecker/typechecker-z/target/test-classes/net/sourceforge/czt/typecheck/tests/z/LambdaExpr.tex" classname="net.sourceforge.czt.typecheck.z.TypeCheckerTest$TestNormal" time="0.007"/>
  <testcase name="Test normal: file:/root/czt-code/typechecker/typechecker-z/target/test-classes/net/sourceforge/czt/typecheck/tests/z/LambdaExpr.tex" classname="net.sourceforge.czt.typecheck.z.TypeCheckerTest$TestNormal" time="0"/>
  <testcase name="Test normal: file:/root/czt-code/typechecker/typechecker-z/target/test-classes/net/sourceforge/czt/typecheck/tests/z/LetExpr.tex" classname="net.sourceforge.czt.typecheck.z.TypeCheckerTest$TestNormal" time="0.004"/>
  <testcase name="Test normal: file:/root/czt-code/typechecker/typechecker-z/target/test-classes/net/sourceforge/czt/typecheck/tests/z/LetExpr.tex" classname="net.sourceforge.czt.typecheck.z.TypeCheckerTest$TestNormal" time="0"/>
  <testcase name="Test normal: file:/root/czt-code/typechecker/typechecker-z/target/test-classes/net/sourceforge/czt/typecheck/tests/z/MemPred.tex" classname="net.sourceforge.czt.typecheck.z.TypeCheckerTest$TestNormal" time="0.012"/>
  <testcase name="Test normal: file:/root/czt-code/typechecker/typechecker-z/target/test-classes/net/sourceforge/czt/typecheck/tests/z/MemPred.tex" classname="net.sourceforge.czt.typecheck.z.TypeCheckerTest$TestNormal" time="0"/>
  <testcase name="Test normal: file:/root/czt-code/typechecker/typechecker-z/target/test-classes/net/sourceforge/czt/typecheck/tests/z/MuExpr.tex" classname="net.sourceforge.czt.typecheck.z.TypeCheckerTest$TestNormal" time="0"/>
  <testcase name="Test normal: file:/root/czt-code/typechecker/typechecker-z/target/test-classes/net/sourceforge/czt/typecheck/tests/z/MuExpr.tex" classname="net.sourceforge.czt.typecheck.z.TypeCheckerTest$TestNormal" time="0.009"/>
  <testcase name="Test error - NameNotRelOp: file:/root/czt-code/typechecker/typechecker-z/target/test-classes/net/sourceforge/czt/typecheck/tests/z/NameNotRelOp-MemPred.error" classname="net.sourceforge.czt.typecheck.z.TypeCheckerTest$TestError" time="0"/>
  <testcase name="Test error - NameNotRelOp: file:/root/czt-code/typechecker/typechecker-z/target/test-classes/net/sourceforge/czt/typecheck/tests/z/NameNotRelOp-MemPred.error" classname="net.sourceforge.czt.typecheck.z.TypeCheckerTest$TestError" time="0"/>
  <testcase name="Test normal: file:/root/czt-code/typechecker/typechecker-z/target/test-classes/net/sourceforge/czt/typecheck/tests/z/NamedConjPara.tex" classname="net.sourceforge.czt.typecheck.z.TypeCheckerTest$TestNormal" time="0.041"/>
  <testcase name="Test normal: file:/root/czt-code/typechecker/typechecker-z/target/test-classes/net/sourceforge/czt/typecheck/tests/z/NamedConjPara.tex" classname="net.sourceforge.czt.typecheck.z.TypeCheckerTest$TestNormal" time="0.027"/>
  <testcase name="Test normal: file:/root/czt-code/typechecker/typechecker-z/target/test-classes/net/sourceforge/czt/typecheck/tests/z/NegExpr.tex" classname="net.sourceforge.czt.typecheck.z.TypeCheckerTest$TestNormal" time="0"/>
  <testcase name="Test normal: file:/root/czt-code/typechecker/typechecker-z/target/test-classes/net/sourceforge/czt/typecheck/tests/z/NegExpr.tex" classname="net.sourceforge.czt.typecheck.z.TypeCheckerTest$TestNormal" time="0"/>
  <testcase name="Test normal: file:/root/czt-code/typechecker/typechecker-z/target/test-classes/net/sourceforge/czt/typecheck/tests/z/NegPred.tex" classname="net.sourceforge.czt.typecheck.z.TypeCheckerTest$TestNormal" time="0"/>
  <testcase name="Test normal: file:/root/czt-code/typechecker/typechecker-z/target/test-classes/net/sourceforge/czt/typecheck/tests/z/NegPred.tex" classname="net.sourceforge.czt.typecheck.z.TypeCheckerTest$TestNormal" time="0"/>
  <testcase name="Test error - NonBindingInBindSelExpr: file:/root/czt-code/typechecker/typechecker-z/target/test-classes/net/sourceforge/czt/typecheck/tests/z/NonBindingInBindSelExpr-BindSelExpr.error" classname="net.sourceforge.czt.typecheck.z.TypeCheckerTest$TestError" time="0.011"/>
  <testcase name="Test error - NonBindingInBindSelExpr: file:/root/czt-code/typechecker/typechecker-z/target/test-classes/net/sourceforge/czt/typecheck/tests/z/NonBindingInBindSelExpr-BindSelExpr.error" classname="net.sourceforge.czt.typecheck.z.TypeCheckerTest$TestError" time="0"/>
  <testcase name="Test error - NonExistentNameInHideExpr: file:/root/czt-code/typechecker/typechecker-z/target/test-classes/net/sourceforge/czt/typecheck/tests/z/NonExistentNameInHideExpr-HideExpr-1.error" classname="net.sourceforge.czt.typecheck.z.TypeCheckerTest$TestError" time="0"/>
  <testcase name="Test error - NonExistentNameInHideExpr: file:/root/czt-code/typechecker/typechecker-z/target/test-classes/net/sourceforge/czt/typecheck/tests/z/NonExistentNameInHideExpr-HideExpr-1.error" classname="net.sourceforge.czt.typecheck.z.TypeCheckerTest$TestError" time="0.007"/>
  <testcase name="Test error - NonExistentNameInHideExpr: file:/root/czt-code/typechecker/typechecker-z/target/test-classes/net/sourceforge/czt/typecheck/tests/z/NonExistentNameInHideExpr-HideExpr-2.error" classname="net.sourceforge.czt.typecheck.z.TypeCheckerTest$TestError" time="0"/>
  <testcase name="Test error - NonExistentNameInHideExpr: file:/root/czt-code/typechecker/typechecker-z/target/test-classes/net/sourceforge/czt/typecheck/tests/z/NonExistentNameInHideExpr-HideExpr-2.error" classname="net.sourceforge.czt.typecheck.z.TypeCheckerTest$TestError" time="0"/>
  <testcase name="Test error - NonExistentNameInHideExpr: file:/root/czt-code/typechecker/typechecker-z/target/test-classes/net/sourceforge/czt/typecheck/tests/z/NonExistentNameInHideExpr-HideExpr-VSig.error" classname="net.sourceforge.czt.typecheck.z.TypeCheckerTest$TestError" time="0"/>
  <testcase name="Test error - NonExistentNameInHideExpr: file:/root/czt-code/typechecker/typechecker-z/target/test-classes/net/sourceforge/czt/typecheck/tests/z/NonExistentNameInHideExpr-HideExpr-VSig.error" classname="net.sourceforge.czt.typecheck.z.TypeCheckerTest$TestError" time="0"/>
  <testcase name="Test error - NonExistentSelection: file:/root/czt-code/typechecker/typechecker-z/target/test-classes/net/sourceforge/czt/typecheck/tests/z/NonExistentSelection-BindSelExpr-1.error" classname="net.sourceforge.czt.typecheck.z.TypeCheckerTest$TestError" time="0"/>
  <testcase name="Test error - NonExistentSelection: file:/root/czt-code/typechecker/typechecker-z/target/test-classes/net/sourceforge/czt/typecheck/tests/z/NonExistentSelection-BindSelExpr-1.error" classname="net.sourceforge.czt.typecheck.z.TypeCheckerTest$TestError" time="0.007"/>
  <testcase name="Test error - NonExistentSelection: file:/root/czt-code/typechecker/typechecker-z/target/test-classes/net/sourceforge/czt/typecheck/tests/z/NonExistentSelection-BindSelExpr-2.error" classname="net.sourceforge.czt.typecheck.z.TypeCheckerTest$TestError" time="0"/>
  <testcase name="Test error - NonExistentSelection: file:/root/czt-code/typechecker/typechecker-z/target/test-classes/net/sourceforge/czt/typecheck/tests/z/NonExistentSelection-BindSelExpr-2.error" classname="net.sourceforge.czt.typecheck.z.TypeCheckerTest$TestError" time="0"/>
  <testcase name="Test error - NonExistentSelection: file:/root/czt-code/typechecker/typechecker-z/target/test-classes/net/sourceforge/czt/typecheck/tests/z/NonExistentSelection-BindSelExpr-3.error" classname="net.sourceforge.czt.typecheck.z.TypeCheckerTest$TestError" time="0.005"/>
  <testcase name="Test error - NonExistentSelection: file:/root/czt-code/typechecker/typechecker-z/target/test-classes/net/sourceforge/czt/typecheck/tests/z/NonExistentSelection-BindSelExpr-3.error" classname="net.sourceforge.czt.typecheck.z.TypeCheckerTest$TestError" time="0"/>
  <testcase name="Test error - NonExistentSelection: file:/root/czt-code/typechecker/typechecker-z/target/test-classes/net/sourceforge/czt/typecheck/tests/z/NonExistentSelection-BindSelExpr-Vtype.error" classname="net.sourceforge.czt.typecheck.z.TypeCheckerTest$TestError" time="0"/>
  <testcase name="Test error - NonExistentSelection: file:/root/czt-code/typechecker/typechecker-z/target/test-classes/net/sourceforge/czt/typecheck/tests/z/NonExistentSelection-BindSelExpr-Vtype.error" classname="net.sourceforge.czt.typecheck.z.TypeCheckerTest$TestError" time="0.003"/>
  <testcase name="Test error - NonFunctionInApplExpr: file:/root/czt-code/typechecker/typechecker-z/target/test-classes/net/sourceforge/czt/typecheck/tests/z/NonFunctionInApplExpr-ApplExpr.error" classname="net.sourceforge.czt.typecheck.z.TypeCheckerTest$TestError" time="0"/>
  <testcase name="Test error - NonFunctionInApplExpr: file:/root/czt-code/typechecker/typechecker-z/target/test-classes/net/sourceforge/czt/typecheck/tests/z/NonFunctionInApplExpr-ApplExpr.error" classname="net.sourceforge.czt.typecheck.z.TypeCheckerTest$TestError" time="0.013"/>
  <testcase name="Test error - NonProdTypeInTupleSelExpr: file:/root/czt-code/typechecker/typechecker-z/target/test-classes/net/sourceforge/czt/typecheck/tests/z/NonProdTypeInTupleSelExpr-TupleSelExpr.error" classname="net.sourceforge.czt.typecheck.z.TypeCheckerTest$TestError" time="0.019"/>
  <testcase name="Test error - NonProdTypeInTupleSelExpr: file:/root/czt-code/typechecker/typechecker-z/target/test-classes/net/sourceforge/czt/typecheck/tests/z/NonProdTypeInTupleSelExpr-TupleSelExpr.error" classname="net.sourceforge.czt.typecheck.z.TypeCheckerTest$TestError" time="0"/>
  <testcase name="Test error - NonSchExprInDecorExpr: file:/root/czt-code/typechecker/typechecker-z/target/test-classes/net/sourceforge/czt/typecheck/tests/z/NonSchExprInDecorExpr-DecorExpr.error" classname="net.sourceforge.czt.typecheck.z.TypeCheckerTest$TestError" time="0"/>
  <testcase name="Test error - NonSchExprInDecorExpr: file:/root/czt-code/typechecker/typechecker-z/target/test-classes/net/sourceforge/czt/typecheck/tests/z/NonSchExprInDecorExpr-DecorExpr.error" classname="net.sourceforge.czt.typecheck.z.TypeCheckerTest$TestError" time="0"/>
  <testcase name="Test error - NonSchExprInDecorExpr: file:/root/czt-code/typechecker/typechecker-z/target/test-classes/net/sourceforge/czt/typecheck/tests/z/NonSchExprInDecorExpr-Parenthesised.error" classname="net.sourceforge.czt.typecheck.z.TypeCheckerTest$TestError" time="0"/>
  <testcase name="Test error - NonSchExprInDecorExpr: file:/root/czt-code/typechecker/typechecker-z/target/test-classes/net/sourceforge/czt/typecheck/tests/z/NonSchExprInDecorExpr-Parenthesised.error" classname="net.sourceforge.czt.typecheck.z.TypeCheckerTest$TestError" time="0"/>
  <testcase name="Test error - NonSchExprInExprPred: file:/root/czt-code/typechecker/typechecker-z/target/test-classes/net/sourceforge/czt/typecheck/tests/z/NonSchExprInExprPred-ExprPred.error" classname="net.sourceforge.czt.typecheck.z.TypeCheckerTest$TestError" time="0"/>
  <testcase name="Test error - NonSchExprInExprPred: file:/root/czt-code/typechecker/typechecker-z/target/test-classes/net/sourceforge/czt/typecheck/tests/z/NonSchExprInExprPred-ExprPred.error" classname="net.sourceforge.czt.typecheck.z.TypeCheckerTest$TestError" time="0"/>
  <testcase name="Test error - NonSchExprInHideExpr: file:/root/czt-code/typechecker/typechecker-z/target/test-classes/net/sourceforge/czt/typecheck/tests/z/NonSchExprInHideExpr-HideExpr.error" classname="net.sourceforge.czt.typecheck.z.TypeCheckerTest$TestError" time="0"/>
  <testcase name="Test error - NonSchExprInHideExpr: file:/root/czt-code/typechecker/typechecker-z/target/test-classes/net/sourceforge/czt/typecheck/tests/z/NonSchExprInHideExpr-HideExpr.error" classname="net.sourceforge.czt.typecheck.z.TypeCheckerTest$TestError" time="0"/>
  <testcase name="Test error - NonSchExprInInclDecl: file:/root/czt-code/typechecker/typechecker-z/target/test-classes/net/sourceforge/czt/typecheck/tests/z/NonSchExprInInclDecl-InclDecl.error" classname="net.sourceforge.czt.typecheck.z.TypeCheckerTest$TestError" time="0"/>
  <testcase name="Test error - NonSchExprInInclDecl: file:/root/czt-code/typechecker/typechecker-z/target/test-classes/net/sourceforge/czt/typecheck/tests/z/NonSchExprInInclDecl-InclDecl.error" classname="net.sourceforge.czt.typecheck.z.TypeCheckerTest$TestError" time="0"/>
  <testcase name="Test error - NonSchExprInPreExpr: file:/root/czt-code/typechecker/typechecker-z/target/test-classes/net/sourceforge/czt/typecheck/tests/z/NonSchExprInPreExpr-PreExpr.error" classname="net.sourceforge.czt.typecheck.z.TypeCheckerTest$TestError" time="0"/>
  <testcase name="Test error - NonSchExprInPreExpr: file:/root/czt-code/typechecker/typechecker-z/target/test-classes/net/sourceforge/czt/typecheck/tests/z/NonSchExprInPreExpr-PreExpr.error" classname="net.sourceforge.czt.typecheck.z.TypeCheckerTest$TestError" time="0"/>
  <testcase name="Test error - NonSchExprInQnt1Expr: file:/root/czt-code/typechecker/typechecker-z/target/test-classes/net/sourceforge/czt/typecheck/tests/z/NonSchExprInQnt1Expr-Qnt1Expr.error" classname="net.sourceforge.czt.typecheck.z.TypeCheckerTest$TestError" time="0"/>
  <testcase name="Test error - NonSchExprInQnt1Expr: file:/root/czt-code/typechecker/typechecker-z/target/test-classes/net/sourceforge/czt/typecheck/tests/z/NonSchExprInQnt1Expr-Qnt1Expr.error" classname="net.sourceforge.czt.typecheck.z.TypeCheckerTest$TestError" time="0"/>
  <testcase name="Test error - NonSchExprInRenameExpr: file:/root/czt-code/typechecker/typechecker-z/target/test-classes/net/sourceforge/czt/typecheck/tests/z/NonSchExprInRenameExpr-RenameExpr.error" classname="net.sourceforge.czt.typecheck.z.TypeCheckerTest$TestError" time="0"/>
  <testcase name="Test error - NonSchExprInRenameExpr: file:/root/czt-code/typechecker/typechecker-z/target/test-classes/net/sourceforge/czt/typecheck/tests/z/NonSchExprInRenameExpr-RenameExpr.error" classname="net.sourceforge.czt.typecheck.z.TypeCheckerTest$TestError" time="0"/>
  <testcase name="Test error - NonSchExprInSchExpr2: file:/root/czt-code/typechecker/typechecker-z/target/test-classes/net/sourceforge/czt/typecheck/tests/z/NonSchExprInSchExpr2-CompExpr-Left.error" classname="net.sourceforge.czt.typecheck.z.TypeCheckerTest$TestError" time="0"/>
  <testcase name="Test error - NonSchExprInSchExpr2: file:/root/czt-code/typechecker/typechecker-z/target/test-classes/net/sourceforge/czt/typecheck/tests/z/NonSchExprInSchExpr2-CompExpr-Left.error" classname="net.sourceforge.czt.typecheck.z.TypeCheckerTest$TestError" time="0.007"/>
  <testcase name="Test error - NonSchExprInSchExpr2: file:/root/czt-code/typechecker/typechecker-z/target/test-classes/net/sourceforge/czt/typecheck/tests/z/NonSchExprInSchExpr2-CompExpr-Right.error" classname="net.sourceforge.czt.typecheck.z.TypeCheckerTest$TestError" time="0"/>
  <testcase name="Test error - NonSchExprInSchExpr2: file:/root/czt-code/typechecker/typechecker-z/target/test-classes/net/sourceforge/czt/typecheck/tests/z/NonSchExprInSchExpr2-CompExpr-Right.error" classname="net.sourceforge.czt.typecheck.z.TypeCheckerTest$TestError" time="0"/>
  <testcase name="Test error - NonSchExprInSchExpr2: file:/root/czt-code/typechecker/typechecker-z/target/test-classes/net/sourceforge/czt/typecheck/tests/z/NonSchExprInSchExpr2-LeftExpr.error" classname="net.sourceforge.czt.typecheck.z.TypeCheckerTest$TestError" time="0"/>
  <testcase name="Test error - NonSchExprInSchExpr2: file:/root/czt-code/typechecker/typechecker-z/target/test-classes/net/sourceforge/czt/typecheck/tests/z/NonSchExprInSchExpr2-LeftExpr.error" classname="net.sourceforge.czt.typecheck.z.TypeCheckerTest$TestError" time="0.007"/>
  <testcase name="Test error - NonSchExprInSchExpr2: file:/root/czt-code/typechecker/typechecker-z/target/test-classes/net/sourceforge/czt/typecheck/tests/z/NonSchExprInSchExpr2-RightExpr.error" classname="net.sourceforge.czt.typecheck.z.TypeCheckerTest$TestError" time="0"/>
  <testcase name="Test error - NonSchExprInSchExpr2: file:/root/czt-code/typechecker/typechecker-z/target/test-classes/net/sourceforge/czt/typecheck/tests/z/NonSchExprInSchExpr2-RightExpr.error" classname="net.sourceforge.czt.typecheck.z.TypeCheckerTest$TestError" time="0"/>
  <testcase name="Test error - NonSchExprInThetaExpr: file:/root/czt-code/typechecker/typechecker-z/target/test-classes/net/sourceforge/czt/typecheck/tests/z/NonSchExprInThetaExpr-ThetaExpr.error" classname="net.sourceforge.czt.typecheck.z.TypeCheckerTest$TestError" time="0"/>
  <testcase name="Test error - NonSchExprInThetaExpr: file:/root/czt-code/typechecker/typechecker-z/target/test-classes/net/sourceforge/czt/typecheck/tests/z/NonSchExprInThetaExpr-ThetaExpr.error" classname="net.sourceforge.czt.typecheck.z.TypeCheckerTest$TestError" time="0"/>
  <testcase name="Test error - NonSetInDecl: file:/root/czt-code/typechecker/typechecker-z/target/test-classes/net/sourceforge/czt/typecheck/tests/z/NonSetInDecl-VarDecl.error" classname="net.sourceforge.czt.typecheck.z.TypeCheckerTest$TestError" time="0.007"/>
  <testcase name="Test error - NonSetInDecl: file:/root/czt-code/typechecker/typechecker-z/target/test-classes/net/sourceforge/czt/typecheck/tests/z/NonSetInDecl-VarDecl.error" classname="net.sourceforge.czt.typecheck.z.TypeCheckerTest$TestError" time="0"/>
  <testcase name="Test error - NonSetInFreeType: file:/root/czt-code/typechecker/typechecker-z/target/test-classes/net/sourceforge/czt/typecheck/tests/z/NonSetInFreeType-Freetype.error" classname="net.sourceforge.czt.typecheck.z.TypeCheckerTest$TestError" time="0"/>
  <testcase name="Test error - NonSetInFreeType: file:/root/czt-code/typechecker/typechecker-z/target/test-classes/net/sourceforge/czt/typecheck/tests/z/NonSetInFreeType-Freetype.error" classname="net.sourceforge.czt.typecheck.z.TypeCheckerTest$TestError" time="0"/>
  <testcase name="Test error - NonSetInInstantiation: file:/root/czt-code/typechecker/typechecker-z/target/test-classes/net/sourceforge/czt/typecheck/tests/z/NonSetInInstantiation-RefExpr.error" classname="net.sourceforge.czt.typecheck.z.TypeCheckerTest$TestError" time="0"/>
  <testcase name="Test error - NonSetInInstantiation: file:/root/czt-code/typechecker/typechecker-z/target/test-classes/net/sourceforge/czt/typecheck/tests/z/NonSetInInstantiation-RefExpr.error" classname="net.sourceforge.czt.typecheck.z.TypeCheckerTest$TestError" time="0"/>
  <testcase name="Test error - NonSetInPowerExpr: file:/root/czt-code/typechecker/typechecker-z/target/test-classes/net/sourceforge/czt/typecheck/tests/z/NonSetInPowerExpr-PowerExpr.error" classname="net.sourceforge.czt.typecheck.z.TypeCheckerTest$TestError" time="0"/>
  <testcase name="Test error - NonSetInPowerExpr: file:/root/czt-code/typechecker/typechecker-z/target/test-classes/net/sourceforge/czt/typecheck/tests/z/NonSetInPowerExpr-PowerExpr.error" classname="net.sourceforge.czt.typecheck.z.TypeCheckerTest$TestError" time="0"/>
  <testcase name="Test error - NonSetInProdExpr: file:/root/czt-code/typechecker/typechecker-z/target/test-classes/net/sourceforge/czt/typecheck/tests/z/NonSetInProdExpr-ProdExpr-1.error" classname="net.sourceforge.czt.typecheck.z.TypeCheckerTest$TestError" time="0"/>
  <testcase name="Test error - NonSetInProdExpr: file:/root/czt-code/typechecker/typechecker-z/target/test-classes/net/sourceforge/czt/typecheck/tests/z/NonSetInProdExpr-ProdExpr-1.error" classname="net.sourceforge.czt.typecheck.z.TypeCheckerTest$TestError" time="0"/>
  <testcase name="Test error - NonSetInProdExpr: file:/root/czt-code/typechecker/typechecker-z/target/test-classes/net/sourceforge/czt/typecheck/tests/z/NonSetInProdExpr-ProdExpr-2.error" classname="net.sourceforge.czt.typecheck.z.TypeCheckerTest$TestError" time="0.007"/>
  <testcase name="Test error - NonSetInProdExpr: file:/root/czt-code/typechecker/typechecker-z/target/test-classes/net/sourceforge/czt/typecheck/tests/z/NonSetInProdExpr-ProdExpr-2.error" classname="net.sourceforge.czt.typecheck.z.TypeCheckerTest$TestError" time="0"/>
  <testcase name="Test error - NonSetInProdExpr: file:/root/czt-code/typechecker/typechecker-z/target/test-classes/net/sourceforge/czt/typecheck/tests/z/NonSetInProdExpr-ProdExpr-3.error" classname="net.sourceforge.czt.typecheck.z.TypeCheckerTest$TestError" time="0"/>
  <testcase name="Test error - NonSetInProdExpr: file:/root/czt-code/typechecker/typechecker-z/target/test-classes/net/sourceforge/czt/typecheck/tests/z/NonSetInProdExpr-ProdExpr-3.error" classname="net.sourceforge.czt.typecheck.z.TypeCheckerTest$TestError" time="0.006"/>
  <testcase name="Test error - ParameterMismatch: file:/root/czt-code/typechecker/typechecker-z/target/test-classes/net/sourceforge/czt/typecheck/tests/z/ParameterMismatch-RefExpr-Generic-1.error" classname="net.sourceforge.czt.typecheck.z.TypeCheckerTest$TestError" time="0"/>
  <testcase name="Test error - ParameterMismatch: file:/root/czt-code/typechecker/typechecker-z/target/test-classes/net/sourceforge/czt/typecheck/tests/z/ParameterMismatch-RefExpr-Generic-1.error" classname="net.sourceforge.czt.typecheck.z.TypeCheckerTest$TestError" time="0"/>
  <testcase name="Test error - ParameterMismatch: file:/root/czt-code/typechecker/typechecker-z/target/test-classes/net/sourceforge/czt/typecheck/tests/z/ParameterMismatch-RefExpr-Generic-2.error" classname="net.sourceforge.czt.typecheck.z.TypeCheckerTest$TestError" time="0"/>
  <testcase name="Test error - ParameterMismatch: file:/root/czt-code/typechecker/typechecker-z/target/test-classes/net/sourceforge/czt/typecheck/tests/z/ParameterMismatch-RefExpr-Generic-2.error" classname="net.sourceforge.czt.typecheck.z.TypeCheckerTest$TestError" time="0"/>
  <testcase name="Test error - ParameterMismatch: file:/root/czt-code/typechecker/typechecker-z/target/test-classes/net/sourceforge/czt/typecheck/tests/z/ParameterMismatch-RefExpr-Generic-3.error" classname="net.sourceforge.czt.typecheck.z.TypeCheckerTest$TestError" time="0"/>
  <testcase name="Test error - ParameterMismatch: file:/root/czt-code/typechecker/typechecker-z/target/test-classes/net/sourceforge/czt/typecheck/tests/z/ParameterMismatch-RefExpr-Generic-3.error" classname="net.sourceforge.czt.typecheck.z.TypeCheckerTest$TestError" time="0.008"/>
  <testcase name="Test error - ParameterMismatch: file:/root/czt-code/typechecker/typechecker-z/target/test-classes/net/sourceforge/czt/typecheck/tests/z/ParameterMismatch-RefExpr-NonGeneric-1.error" classname="net.sourceforge.czt.typecheck.z.TypeCheckerTest$TestError" time="0.011"/>
  <testcase name="Test error - ParameterMismatch: file:/root/czt-code/typechecker/typechecker-z/target/test-classes/net/sourceforge/czt/typecheck/tests/z/ParameterMismatch-RefExpr-NonGeneric-1.error" classname="net.sourceforge.czt.typecheck.z.TypeCheckerTest$TestError" time="0"/>
  <testcase name="Test error - ParameterMismatch: file:/root/czt-code/typechecker/typechecker-z/target/test-classes/net/sourceforge/czt/typecheck/tests/z/ParameterMismatch-RefExpr-NonGeneric-2.error" classname="net.sourceforge.czt.typecheck.z.TypeCheckerTest$TestError" time="0"/>
  <testcase name="Test error - ParameterMismatch: file:/root/czt-code/typechecker/typechecker-z/target/test-classes/net/sourceforge/czt/typecheck/tests/z/ParameterMismatch-RefExpr-NonGeneric-2.error" classname="net.sourceforge.czt.typecheck.z.TypeCheckerTest$TestError" time="0"/>
  <testcase name="Test error - ParameterMismatchInDefPara: file:/root/czt-code/typechecker/typechecker-z/target/test-classes/net/sourceforge/czt/typecheck/tests/z/ParameterMismatchInDefPara-RefExpr.error" classname="net.sourceforge.czt.typecheck.z.TypeCheckerTest$TestError" time="0"/>
  <testcase name="Test error - ParameterMismatchInDefPara: file:/root/czt-code/typechecker/typechecker-z/target/test-classes/net/sourceforge/czt/typecheck/tests/z/ParameterMismatchInDefPara-RefExpr.error" classname="net.sourceforge.czt.typecheck.z.TypeCheckerTest$TestError" time="0"/>
  <testcase name="Test error - ParametersNotDetermined: file:/root/czt-code/typechecker/typechecker-z/target/test-classes/net/sourceforge/czt/typecheck/tests/z/ParametersNotDetermined-ApplExpr.error" classname="net.sourceforge.czt.typecheck.z.TypeCheckerTest$TestError" time="0"/>
  <testcase name="Test error - ParametersNotDetermined: file:/root/czt-code/typechecker/typechecker-z/target/test-classes/net/sourceforge/czt/typecheck/tests/z/ParametersNotDetermined-ApplExpr.error" classname="net.sourceforge.czt.typecheck.z.TypeCheckerTest$TestError" time="0"/>
  <testcase name="Test error - ParametersNotDetermined: file:/root/czt-code/typechecker/typechecker-z/target/test-classes/net/sourceforge/czt/typecheck/tests/z/ParametersNotDetermined-RefExpr-NextPara.error" classname="net.sourceforge.czt.typecheck.z.TypeCheckerTest$TestError" time="0"/>
  <testcase name="Test error - ParametersNotDetermined: file:/root/czt-code/typechecker/typechecker-z/target/test-classes/net/sourceforge/czt/typecheck/tests/z/ParametersNotDetermined-RefExpr-NextPara.error" classname="net.sourceforge.czt.typecheck.z.TypeCheckerTest$TestError" time="0"/>
  <testcase name="Test error - ParametersNotDetermined: file:/root/czt-code/typechecker/typechecker-z/target/test-classes/net/sourceforge/czt/typecheck/tests/z/ParametersNotDetermined-RefExpr-PostCheck.error" classname="net.sourceforge.czt.typecheck.z.TypeCheckerTest$TestError" time="0"/>
  <testcase name="Test error - ParametersNotDetermined: file:/root/czt-code/typechecker/typechecker-z/target/test-classes/net/sourceforge/czt/typecheck/tests/z/ParametersNotDetermined-RefExpr-PostCheck.error" classname="net.sourceforge.czt.typecheck.z.TypeCheckerTest$TestError" time="0"/>
  <testcase name="Test error - ParametersNotDetermined: file:/root/czt-code/typechecker/typechecker-z/target/test-classes/net/sourceforge/czt/typecheck/tests/z/ParametersNotDetermined-SetExpr-PostCheck.error" classname="net.sourceforge.czt.typecheck.z.TypeCheckerTest$TestError" time="0"/>
  <testcase name="Test error - ParametersNotDetermined: file:/root/czt-code/typechecker/typechecker-z/target/test-classes/net/sourceforge/czt/typecheck/tests/z/ParametersNotDetermined-SetExpr-PostCheck.error" classname="net.sourceforge.czt.typecheck.z.TypeCheckerTest$TestError" time="0"/>
  <testcase name="Test normal: file:/root/czt-code/typechecker/typechecker-z/target/test-classes/net/sourceforge/czt/typecheck/tests/z/PipeExpr.tex" classname="net.sourceforge.czt.typecheck.z.TypeCheckerTest$TestNormal" time="0.01"/>
  <testcase name="Test normal: file:/root/czt-code/typechecker/typechecker-z/target/test-classes/net/sourceforge/czt/typecheck/tests/z/PipeExpr.tex" classname="net.sourceforge.czt.typecheck.z.TypeCheckerTest$TestNormal" time="0.011"/>
  <testcase name="Test normal: file:/root/czt-code/typechecker/typechecker-z/target/test-classes/net/sourceforge/czt/typecheck/tests/z/PowerExpr.tex" classname="net.sourceforge.czt.typecheck.z.TypeCheckerTest$TestNormal" time="0.014"/>
  <testcase name="Test normal: file:/root/czt-code/typechecker/typechecker-z/target/test-classes/net/sourceforge/czt/typecheck/tests/z/PowerExpr.tex" classname="net.sourceforge.czt.typecheck.z.TypeCheckerTest$TestNormal" time="0.018"/>
  <testcase name="Test normal: file:/root/czt-code/typechecker/typechecker-z/target/test-classes/net/sourceforge/czt/typecheck/tests/z/PreExpr.tex" classname="net.sourceforge.czt.typecheck.z.TypeCheckerTest$TestNormal" time="0.016"/>
  <testcase name="Test normal: file:/root/czt-code/typechecker/typechecker-z/target/test-classes/net/sourceforge/czt/typecheck/tests/z/PreExpr.tex" classname="net.sourceforge.czt.typecheck.z.TypeCheckerTest$TestNormal" time="0"/>
  <testcase name="Test normal: file:/root/czt-code/typechecker/typechecker-z/target/test-classes/net/sourceforge/czt/typecheck/tests/z/Pred2.tex" classname="net.sourceforge.czt.typecheck.z.TypeCheckerTest$TestNormal" time="0"/>
  <testcase name="Test normal: file:/root/czt-code/typechecker/typechecker-z/target/test-classes/net/sourceforge/czt/typecheck/tests/z/Pred2.tex" classname="net.sourceforge.czt.typecheck.z.TypeCheckerTest$TestNormal" time="0.004"/>
  <testcase name="Test normal: file:/root/czt-code/typechecker/typechecker-z/target/test-classes/net/sourceforge/czt/typecheck/tests/z/ProdExpr.tex" classname="net.sourceforge.czt.typecheck.z.TypeCheckerTest$TestNormal" time="0.005"/>
  <testcase name="Test normal: file:/root/czt-code/typechecker/typechecker-z/target/test-classes/net/sourceforge/czt/typecheck/tests/z/ProdExpr.tex" classname="net.sourceforge.czt.typecheck.z.TypeCheckerTest$TestNormal" time="0"/>
  <testcase name="Test normal: file:/root/czt-code/typechecker/typechecker-z/target/test-classes/net/sourceforge/czt/typecheck/tests/z/ProjExpr.tex" classname="net.sourceforge.czt.typecheck.z.TypeCheckerTest$TestNormal" time="0"/>
  <testcase name="Test normal: file:/root/czt-code/typechecker/typechecker-z/target/test-classes/net/sourceforge/czt/typecheck/tests/z/ProjExpr.tex" classname="net.sourceforge.czt.typecheck.z.TypeCheckerTest$TestNormal" time="0.02"/>
  <testcase name="Test normal: file:/root/czt-code/typechecker/typechecker-z/target/test-classes/net/sourceforge/czt/typecheck/tests/z/Qnt1Expr.tex" classname="net.sourceforge.czt.typecheck.z.TypeCheckerTest$TestNormal" time="0"/>
  <testcase name="Test normal: file:/root/czt-code/typechecker/typechecker-z/target/test-classes/net/sourceforge/czt/typecheck/tests/z/Qnt1Expr.tex" classname="net.sourceforge.czt.typecheck.z.TypeCheckerTest$TestNormal" time="0"/>
  <testcase name="Test normal: file:/root/czt-code/typechecker/typechecker-z/target/test-classes/net/sourceforge/czt/typecheck/tests/z/QntPred.tex" classname="net.sourceforge.czt.typecheck.z.TypeCheckerTest$TestNormal" time="0"/>
  <testcase name="Test normal: file:/root/czt-code/typechecker/typechecker-z/target/test-classes/net/sourceforge/czt/typecheck/tests/z/QntPred.tex" classname="net.sourceforge.czt.typecheck.z.TypeCheckerTest$TestNormal" time="0"/>
  <testcase name="Test error - RedeclaredGen: file:/root/czt-code/typechecker/typechecker-z/target/test-classes/net/sourceforge/czt/typecheck/tests/z/RedeclaredGen-AxPara.error" classname="net.sourceforge.czt.typecheck.z.TypeCheckerTest$TestError" time="0.015"/>
  <testcase name="Test error - RedeclaredGen: file:/root/czt-code/typechecker/typechecker-z/target/test-classes/net/sourceforge/czt/typecheck/tests/z/RedeclaredGen-AxPara.error" classname="net.sourceforge.czt.typecheck.z.TypeCheckerTest$TestError" time="0"/>
  <testcase name="Test error - RedeclaredGen: file:/root/czt-code/typechecker/typechecker-z/target/test-classes/net/sourceforge/czt/typecheck/tests/z/RedeclaredGen-ConjPara.error" classname="net.sourceforge.czt.typecheck.z.TypeCheckerTest$TestError" time="0"/>
  <testcase name="Test error - RedeclaredGen: file:/root/czt-code/typechecker/typechecker-z/target/test-classes/net/sourceforge/czt/typecheck/tests/z/RedeclaredGen-ConjPara.error" classname="net.sourceforge.czt.typecheck.z.TypeCheckerTest$TestError" time="0"/>
  <testcase name="Test normal: file:/root/czt-code/typechecker/typechecker-z/target/test-classes/net/sourceforge/czt/typecheck/tests/z/RedeclaredGlobal-SeparateSections.tex" classname="net.sourceforge.czt.typecheck.z.TypeCheckerTest$TestNormal" time="0"/>
  <testcase name="Test normal: file:/root/czt-code/typechecker/typechecker-z/target/test-classes/net/sourceforge/czt/typecheck/tests/z/RedeclaredGlobal-SeparateSections.tex" classname="net.sourceforge.czt.typecheck.z.TypeCheckerTest$TestNormal" time="0"/>
  <testcase name="Test error - RedeclaredGlobalName: file:/root/czt-code/typechecker/typechecker-z/target/test-classes/net/sourceforge/czt/typecheck/tests/z/RedeclaredGlobalName-AxPara.error" classname="net.sourceforge.czt.typecheck.z.TypeCheckerTest$TestError" time="0"/>
  <testcase name="Test error - RedeclaredGlobalName: file:/root/czt-code/typechecker/typechecker-z/target/test-classes/net/sourceforge/czt/typecheck/tests/z/RedeclaredGlobalName-AxPara.error" classname="net.sourceforge.czt.typecheck.z.TypeCheckerTest$TestError" time="0"/>
  <testcase name="Test error - RedeclaredGlobalName: file:/root/czt-code/typechecker/typechecker-z/target/test-classes/net/sourceforge/czt/typecheck/tests/z/RedeclaredGlobalName-FreePara-1.error" classname="net.sourceforge.czt.typecheck.z.TypeCheckerTest$TestError" time="0"/>
  <testcase name="Test error - RedeclaredGlobalName: file:/root/czt-code/typechecker/typechecker-z/target/test-classes/net/sourceforge/czt/typecheck/tests/z/RedeclaredGlobalName-FreePara-1.error" classname="net.sourceforge.czt.typecheck.z.TypeCheckerTest$TestError" time="0"/>
  <testcase name="Test error - RedeclaredGlobalName: file:/root/czt-code/typechecker/typechecker-z/target/test-classes/net/sourceforge/czt/typecheck/tests/z/RedeclaredGlobalName-FreePara-2.error" classname="net.sourceforge.czt.typecheck.z.TypeCheckerTest$TestError" time="0"/>
  <testcase name="Test error - RedeclaredGlobalName: file:/root/czt-code/typechecker/typechecker-z/target/test-classes/net/sourceforge/czt/typecheck/tests/z/RedeclaredGlobalName-FreePara-2.error" classname="net.sourceforge.czt.typecheck.z.TypeCheckerTest$TestError" time="0.015"/>
  <testcase name="Test error - RedeclaredGlobalName: file:/root/czt-code/typechecker/typechecker-z/target/test-classes/net/sourceforge/czt/typecheck/tests/z/RedeclaredGlobalName-FreePara-3.error" classname="net.sourceforge.czt.typecheck.z.TypeCheckerTest$TestError" time="0"/>
  <testcase name="Test error - RedeclaredGlobalName: file:/root/czt-code/typechecker/typechecker-z/target/test-classes/net/sourceforge/czt/typecheck/tests/z/RedeclaredGlobalName-FreePara-3.error" classname="net.sourceforge.czt.typecheck.z.TypeCheckerTest$TestError" time="0"/>
  <testcase name="Test error - RedeclaredGlobalName: file:/root/czt-code/typechecker/typechecker-z/target/test-classes/net/sourceforge/czt/typecheck/tests/z/RedeclaredGlobalName-GivenPara.error" classname="net.sourceforge.czt.typecheck.z.TypeCheckerTest$TestError" time="0"/>
  <testcase name="Test error - RedeclaredGlobalName: file:/root/czt-code/typechecker/typechecker-z/target/test-classes/net/sourceforge/czt/typecheck/tests/z/RedeclaredGlobalName-GivenPara.error" classname="net.sourceforge.czt.typecheck.z.TypeCheckerTest$TestError" time="0"/>
  <testcase name="Test error - RedeclaredGlobalNameParentMerge: file:/root/czt-code/typechecker/typechecker-z/target/test-classes/net/sourceforge/czt/typecheck/tests/z/RedeclaredGlobalNameParentMerge-AxPara.error" classname="net.sourceforge.czt.typecheck.z.TypeCheckerTest$TestError" time="0.019"/>
  <testcase name="Test error - RedeclaredGlobalNameParentMerge: file:/root/czt-code/typechecker/typechecker-z/target/test-classes/net/sourceforge/czt/typecheck/tests/z/RedeclaredGlobalNameParentMerge-AxPara.error" classname="net.sourceforge.czt.typecheck.z.TypeCheckerTest$TestError" time="0"/>
  <testcase name="Test error - RedeclaredParent: file:/root/czt-code/typechecker/typechecker-z/target/test-classes/net/sourceforge/czt/typecheck/tests/z/RedeclaredParent-Spec.error" classname="net.sourceforge.czt.typecheck.z.TypeCheckerTest$TestError" time="0"/>
  <testcase name="Test error - RedeclaredParent: file:/root/czt-code/typechecker/typechecker-z/target/test-classes/net/sourceforge/czt/typecheck/tests/z/RedeclaredParent-Spec.error" classname="net.sourceforge.czt.typecheck.z.TypeCheckerTest$TestError" time="0"/>
  <testcase name="Test error - RedeclaredSection: file:/root/czt-code/typechecker/typechecker-z/target/test-classes/net/sourceforge/czt/typecheck/tests/z/RedeclaredSection-Spec.error" classname="net.sourceforge.czt.typecheck.z.TypeCheckerTest$TestError" time="0"/>
  <testcase name="Test error - RedeclaredSection: file:/root/czt-code/typechecker/typechecker-z/target/test-classes/net/sourceforge/czt/typecheck/tests/z/RedeclaredSection-Spec.error" classname="net.sourceforge.czt.typecheck.z.TypeCheckerTest$TestError" time="0"/>
  <testcase name="Test normal: file:/root/czt-code/typechecker/typechecker-z/target/test-classes/net/sourceforge/czt/typecheck/tests/z/RenameExpr.tex" classname="net.sourceforge.czt.typecheck.z.TypeCheckerTest$TestNormal" time="0.009"/>
  <testcase name="Test normal: file:/root/czt-code/typechecker/typechecker-z/target/test-classes/net/sourceforge/czt/typecheck/tests/z/RenameExpr.tex" classname="net.sourceforge.czt.typecheck.z.TypeCheckerTest$TestNormal" time="0.041"/>
  <testcase name="Test normal: file:/root/czt-code/typechecker/typechecker-z/target/test-classes/net/sourceforge/czt/typecheck/tests/z/SchExpr2.tex" classname="net.sourceforge.czt.typecheck.z.TypeCheckerTest$TestNormal" time="0.009"/>
  <testcase name="Test normal: file:/root/czt-code/typechecker/typechecker-z/target/test-classes/net/sourceforge/czt/typecheck/tests/z/SchExpr2.tex" classname="net.sourceforge.czt.typecheck.z.TypeCheckerTest$TestNormal" time="0.011"/>
  <testcase name="Test normal: file:/root/czt-code/typechecker/typechecker-z/target/test-classes/net/sourceforge/czt/typecheck/tests/z/SetCompExpr-WithTupleExpr.tex" classname="net.sourceforge.czt.typecheck.z.TypeCheckerTest$TestNormal" time="0"/>
  <testcase name="Test normal: file:/root/czt-code/typechecker/typechecker-z/target/test-classes/net/sourceforge/czt/typecheck/tests/z/SetCompExpr-WithTupleExpr.tex" classname="net.sourceforge.czt.typecheck.z.TypeCheckerTest$TestNormal" time="0"/>
  <testcase name="Test normal: file:/root/czt-code/typechecker/typechecker-z/target/test-classes/net/sourceforge/czt/typecheck/tests/z/SetCompExpr-WithVariableType.tex" classname="net.sourceforge.czt.typecheck.z.TypeCheckerTest$TestNormal" time="0"/>
  <testcase name="Test normal: file:/root/czt-code/typechecker/typechecker-z/target/test-classes/net/sourceforge/czt/typecheck/tests/z/SetCompExpr-WithVariableType.tex" classname="net.sourceforge.czt.typecheck.z.TypeCheckerTest$TestNormal" time="0"/>
  <testcase name="Test normal: file:/root/czt-code/typechecker/typechecker-z/target/test-classes/net/sourceforge/czt/typecheck/tests/z/SetCompExpr-WithoutExpr.tex" classname="net.sourceforge.czt.typecheck.z.TypeCheckerTest$TestNormal" time="0.011"/>
  <testcase name="Test normal: file:/root/czt-code/typechecker/typechecker-z/target/test-classes/net/sourceforge/czt/typecheck/tests/z/SetCompExpr-WithoutExpr.tex" classname="net.sourceforge.czt.typecheck.z.TypeCheckerTest$TestNormal" time="0"/>
  <testcase name="Test normal: file:/root/czt-code/typechecker/typechecker-z/target/test-classes/net/sourceforge/czt/typecheck/tests/z/SetCompExpr-WithoutTupleExpr.tex" classname="net.sourceforge.czt.typecheck.z.TypeCheckerTest$TestNormal" time="0"/>
  <testcase name="Test normal: file:/root/czt-code/typechecker/typechecker-z/target/test-classes/net/sourceforge/czt/typecheck/tests/z/SetCompExpr-WithoutTupleExpr.tex" classname="net.sourceforge.czt.typecheck.z.TypeCheckerTest$TestNormal" time="0"/>
  <testcase name="Test normal: file:/root/czt-code/typechecker/typechecker-z/target/test-classes/net/sourceforge/czt/typecheck/tests/z/SetExpr-Transitive.tex" classname="net.sourceforge.czt.typecheck.z.TypeCheckerTest$TestNormal" time="0"/>
  <testcase name="Test normal: file:/root/czt-code/typechecker/typechecker-z/target/test-classes/net/sourceforge/czt/typecheck/tests/z/SetExpr-Transitive.tex" classname="net.sourceforge.czt.typecheck.z.TypeCheckerTest$TestNormal" time="0"/>
  <testcase name="Test normal: file:/root/czt-code/typechecker/typechecker-z/target/test-classes/net/sourceforge/czt/typecheck/tests/z/SetExpr.tex" classname="net.sourceforge.czt.typecheck.z.TypeCheckerTest$TestNormal" time="0"/>
  <testcase name="Test normal: file:/root/czt-code/typechecker/typechecker-z/target/test-classes/net/sourceforge/czt/typecheck/tests/z/SetExpr.tex" classname="net.sourceforge.czt.typecheck.z.TypeCheckerTest$TestNormal" time="0.008"/>
  <testcase name="Test normal: file:/root/czt-code/typechecker/typechecker-z/target/test-classes/net/sourceforge/czt/typecheck/tests/z/Test.tex" classname="net.sourceforge.czt.typecheck.z.TypeCheckerTest$TestNormal" time="0.191"/>
  <testcase name="Test normal: file:/root/czt-code/typechecker/typechecker-z/target/test-classes/net/sourceforge/czt/typecheck/tests/z/Test.tex" classname="net.sourceforge.czt.typecheck.z.TypeCheckerTest$TestNormal" time="0.076"/>
  <testcase name="Test normal: file:/root/czt-code/typechecker/typechecker-z/target/test-classes/net/sourceforge/czt/typecheck/tests/z/ThetaExpr.tex" classname="net.sourceforge.czt.typecheck.z.TypeCheckerTest$TestNormal" time="0"/>
  <testcase name="Test normal: file:/root/czt-code/typechecker/typechecker-z/target/test-classes/net/sourceforge/czt/typecheck/tests/z/ThetaExpr.tex" classname="net.sourceforge.czt.typecheck.z.TypeCheckerTest$TestNormal" time="0"/>
  <testcase name="Test normal: file:/root/czt-code/typechecker/typechecker-z/target/test-classes/net/sourceforge/czt/typecheck/tests/z/TupleSelExpr.tex" classname="net.sourceforge.czt.typecheck.z.TypeCheckerTest$TestNormal" time="0"/>
  <testcase name="Test normal: file:/root/czt-code/typechecker/typechecker-z/target/test-classes/net/sourceforge/czt/typecheck/tests/z/TupleSelExpr.tex" classname="net.sourceforge.czt.typecheck.z.TypeCheckerTest$TestNormal" time="0.007"/>
  <testcase name="Test error - TypeMismatchInApplExpr: file:/root/czt-code/typechecker/typechecker-z/target/test-classes/net/sourceforge/czt/typecheck/tests/z/TypeMismatchInApplExpr-ApplExpr.error" classname="net.sourceforge.czt.typecheck.z.TypeCheckerTest$TestError" time="0"/>
  <testcase name="Test error - TypeMismatchInApplExpr: file:/root/czt-code/typechecker/typechecker-z/target/test-classes/net/sourceforge/czt/typecheck/tests/z/TypeMismatchInApplExpr-ApplExpr.error" classname="net.sourceforge.czt.typecheck.z.TypeCheckerTest$TestError" time="0"/>
  <testcase name="Test error - TypeMismatchInChainRel: file:/root/czt-code/typechecker/typechecker-z/target/test-classes/net/sourceforge/czt/typecheck/tests/z/TypeMismatchInChainRel-AndPred.error" classname="net.sourceforge.czt.typecheck.z.TypeCheckerTest$TestError" time="0"/>
  <testcase name="Test error - TypeMismatchInChainRel: file:/root/czt-code/typechecker/typechecker-z/target/test-classes/net/sourceforge/czt/typecheck/tests/z/TypeMismatchInChainRel-AndPred.error" classname="net.sourceforge.czt.typecheck.z.TypeCheckerTest$TestError" time="0"/>
  <testcase name="Test error - TypeMismatchInCompExpr: file:/root/czt-code/typechecker/typechecker-z/target/test-classes/net/sourceforge/czt/typecheck/tests/z/TypeMismatchInCompExpr-CompExpr-1to1.error" classname="net.sourceforge.czt.typecheck.z.TypeCheckerTest$TestError" time="0"/>
  <testcase name="Test error - TypeMismatchInCompExpr: file:/root/czt-code/typechecker/typechecker-z/target/test-classes/net/sourceforge/czt/typecheck/tests/z/TypeMismatchInCompExpr-CompExpr-1to1.error" classname="net.sourceforge.czt.typecheck.z.TypeCheckerTest$TestError" time="0"/>
  <testcase name="Test error - TypeMismatchInCompExpr: file:/root/czt-code/typechecker/typechecker-z/target/test-classes/net/sourceforge/czt/typecheck/tests/z/TypeMismatchInCompExpr-CompExpr-Mto1.error" classname="net.sourceforge.czt.typecheck.z.TypeCheckerTest$TestError" time="0"/>
  <testcase name="Test error - TypeMismatchInCompExpr: file:/root/czt-code/typechecker/typechecker-z/target/test-classes/net/sourceforge/czt/typecheck/tests/z/TypeMismatchInCompExpr-CompExpr-Mto1.error" classname="net.sourceforge.czt.typecheck.z.TypeCheckerTest$TestError" time="0"/>
  <testcase name="Test error - TypeMismatchInCompExpr: file:/root/czt-code/typechecker/typechecker-z/target/test-classes/net/sourceforge/czt/typecheck/tests/z/TypeMismatchInCompExpr-CompExpr-MtoM.error" classname="net.sourceforge.czt.typecheck.z.TypeCheckerTest$TestError" time="0"/>
  <testcase name="Test error - TypeMismatchInCompExpr: file:/root/czt-code/typechecker/typechecker-z/target/test-classes/net/sourceforge/czt/typecheck/tests/z/TypeMismatchInCompExpr-CompExpr-MtoM.error" classname="net.sourceforge.czt.typecheck.z.TypeCheckerTest$TestError" time="0.006"/>
  <testcase name="Test error - TypeMismatchInCompExpr: file:/root/czt-code/typechecker/typechecker-z/target/test-classes/net/sourceforge/czt/typecheck/tests/z/TypeMismatchInCompExpr-CompExpr-Vleft.error" classname="net.sourceforge.czt.typecheck.z.TypeCheckerTest$TestError" time="0"/>
  <testcase name="Test error - TypeMismatchInCompExpr: file:/root/czt-code/typechecker/typechecker-z/target/test-classes/net/sourceforge/czt/typecheck/tests/z/TypeMismatchInCompExpr-CompExpr-Vleft.error" classname="net.sourceforge.czt.typecheck.z.TypeCheckerTest$TestError" time="0"/>
  <testcase name="Test error - TypeMismatchInCompExpr: file:/root/czt-code/typechecker/typechecker-z/target/test-classes/net/sourceforge/czt/typecheck/tests/z/TypeMismatchInCompExpr-CompExpr-Vright.error" classname="net.sourceforge.czt.typecheck.z.TypeCheckerTest$TestError" time="0"/>
  <testcase name="Test error - TypeMismatchInCompExpr: file:/root/czt-code/typechecker/typechecker-z/target/test-classes/net/sourceforge/czt/typecheck/tests/z/TypeMismatchInCompExpr-CompExpr-Vright.error" classname="net.sourceforge.czt.typecheck.z.TypeCheckerTest$TestError" time="0"/>
  <testcase name="Test error - TypeMismatchInCondExpr: file:/root/czt-code/typechecker/typechecker-z/target/test-classes/net/sourceforge/czt/typecheck/tests/z/TypeMismatchInCondExpr-CondExpr.error" classname="net.sourceforge.czt.typecheck.z.TypeCheckerTest$TestError" time="0"/>
  <testcase name="Test error - TypeMismatchInCondExpr: file:/root/czt-code/typechecker/typechecker-z/target/test-classes/net/sourceforge/czt/typecheck/tests/z/TypeMismatchInCondExpr-CondExpr.error" classname="net.sourceforge.czt.typecheck.z.TypeCheckerTest$TestError" time="0"/>
  <testcase name="Test error - TypeMismatchInEquality: file:/root/czt-code/typechecker/typechecker-z/target/test-classes/net/sourceforge/czt/typecheck/tests/z/TypeMismatchInEquality-ApplExpr-Vtype.error" classname="net.sourceforge.czt.typecheck.z.TypeCheckerTest$TestError" time="0"/>
  <testcase name="Test error - TypeMismatchInEquality: file:/root/czt-code/typechecker/typechecker-z/target/test-classes/net/sourceforge/czt/typecheck/tests/z/TypeMismatchInEquality-ApplExpr-Vtype.error" classname="net.sourceforge.czt.typecheck.z.TypeCheckerTest$TestError" time="0"/>
  <testcase name="Test error - TypeMismatchInEquality: file:/root/czt-code/typechecker/typechecker-z/target/test-classes/net/sourceforge/czt/typecheck/tests/z/TypeMismatchInEquality-MemPred-Gen.error" classname="net.sourceforge.czt.typecheck.z.TypeCheckerTest$TestError" time="0"/>
  <testcase name="Test error - TypeMismatchInEquality: file:/root/czt-code/typechecker/typechecker-z/target/test-classes/net/sourceforge/czt/typecheck/tests/z/TypeMismatchInEquality-MemPred-Gen.error" classname="net.sourceforge.czt.typecheck.z.TypeCheckerTest$TestError" time="0"/>
  <testcase name="Test error - TypeMismatchInEquality: file:/root/czt-code/typechecker/typechecker-z/target/test-classes/net/sourceforge/czt/typecheck/tests/z/TypeMismatchInEquality-MemPred.error" classname="net.sourceforge.czt.typecheck.z.TypeCheckerTest$TestError" time="0"/>
  <testcase name="Test error - TypeMismatchInEquality: file:/root/czt-code/typechecker/typechecker-z/target/test-classes/net/sourceforge/czt/typecheck/tests/z/TypeMismatchInEquality-MemPred.error" classname="net.sourceforge.czt.typecheck.z.TypeCheckerTest$TestError" time="0.007"/>
  <testcase name="Test error - TypeMismatchInEquality: file:/root/czt-code/typechecker/typechecker-z/target/test-classes/net/sourceforge/czt/typecheck/tests/z/TypeMismatchInEquality-VSig.error" classname="net.sourceforge.czt.typecheck.z.TypeCheckerTest$TestError" time="0"/>
  <testcase name="Test error - TypeMismatchInEquality: file:/root/czt-code/typechecker/typechecker-z/target/test-classes/net/sourceforge/czt/typecheck/tests/z/TypeMismatchInEquality-VSig.error" classname="net.sourceforge.czt.typecheck.z.TypeCheckerTest$TestError" time="0"/>
  <testcase name="Test error - TypeMismatchInExpr: file:/root/czt-code/typechecker/typechecker-z/target/test-classes/net/sourceforge/czt/typecheck/tests/z/TypeMismatchInExpr-Qnt1Expr-1.error" classname="net.sourceforge.czt.typecheck.z.TypeCheckerTest$TestError" time="0"/>
  <testcase name="Test error - TypeMismatchInExpr: file:/root/czt-code/typechecker/typechecker-z/target/test-classes/net/sourceforge/czt/typecheck/tests/z/TypeMismatchInExpr-Qnt1Expr-1.error" classname="net.sourceforge.czt.typecheck.z.TypeCheckerTest$TestError" time="0"/>
  <testcase name="Test error - TypeMismatchInExpr: file:/root/czt-code/typechecker/typechecker-z/target/test-classes/net/sourceforge/czt/typecheck/tests/z/TypeMismatchInExpr-Qnt1Expr-2.error" classname="net.sourceforge.czt.typecheck.z.TypeCheckerTest$TestError" time="0"/>
  <testcase name="Test error - TypeMismatchInExpr: file:/root/czt-code/typechecker/typechecker-z/target/test-classes/net/sourceforge/czt/typecheck/tests/z/TypeMismatchInExpr-Qnt1Expr-2.error" classname="net.sourceforge.czt.typecheck.z.TypeCheckerTest$TestError" time="0"/>
  <testcase name="Test error - TypeMismatchInExpr: file:/root/czt-code/typechecker/typechecker-z/target/test-classes/net/sourceforge/czt/typecheck/tests/z/TypeMismatchInExpr-Qnt1Expr-3.error" classname="net.sourceforge.czt.typecheck.z.TypeCheckerTest$TestError" time="0"/>
  <testcase name="Test error - TypeMismatchInExpr: file:/root/czt-code/typechecker/typechecker-z/target/test-classes/net/sourceforge/czt/typecheck/tests/z/TypeMismatchInExpr-Qnt1Expr-3.error" classname="net.sourceforge.czt.typecheck.z.TypeCheckerTest$TestError" time="0"/>
  <testcase name="Test error - TypeMismatchInExpr: file:/root/czt-code/typechecker/typechecker-z/target/test-classes/net/sourceforge/czt/typecheck/tests/z/TypeMismatchInExpr-Qnt1Expr-4.error" classname="net.sourceforge.czt.typecheck.z.TypeCheckerTest$TestError" time="0"/>
  <testcase name="Test error - TypeMismatchInExpr: file:/root/czt-code/typechecker/typechecker-z/target/test-classes/net/sourceforge/czt/typecheck/tests/z/TypeMismatchInExpr-Qnt1Expr-4.error" classname="net.sourceforge.czt.typecheck.z.TypeCheckerTest$TestError" time="0"/>
  <testcase name="Test error - TypeMismatchInExpr: file:/root/czt-code/typechecker/typechecker-z/target/test-classes/net/sourceforge/czt/typecheck/tests/z/TypeMismatchInExpr-Qnt1Expr-5.error" classname="net.sourceforge.czt.typecheck.z.TypeCheckerTest$TestError" time="0"/>
  <testcase name="Test error - TypeMismatchInExpr: file:/root/czt-code/typechecker/typechecker-z/target/test-classes/net/sourceforge/czt/typecheck/tests/z/TypeMismatchInExpr-Qnt1Expr-5.error" classname="net.sourceforge.czt.typecheck.z.TypeCheckerTest$TestError" time="0.007"/>
  <testcase name="Test error - TypeMismatchInExpr: file:/root/czt-code/typechecker/typechecker-z/target/test-classes/net/sourceforge/czt/typecheck/tests/z/TypeMismatchInExpr-Qnt1Expr-6.error" classname="net.sourceforge.czt.typecheck.z.TypeCheckerTest$TestError" time="0"/>
  <testcase name="Test error - TypeMismatchInExpr: file:/root/czt-code/typechecker/typechecker-z/target/test-classes/net/sourceforge/czt/typecheck/tests/z/TypeMismatchInExpr-Qnt1Expr-6.error" classname="net.sourceforge.czt.typecheck.z.TypeCheckerTest$TestError" time="0"/>
  <testcase name="Test error - TypeMismatchInExpr: file:/root/czt-code/typechecker/typechecker-z/target/test-classes/net/sourceforge/czt/typecheck/tests/z/TypeMismatchInExpr-RenameExpr-Vtype.error" classname="net.sourceforge.czt.typecheck.z.TypeCheckerTest$TestError" time="0.013"/>
  <testcase name="Test error - TypeMismatchInExpr: file:/root/czt-code/typechecker/typechecker-z/target/test-classes/net/sourceforge/czt/typecheck/tests/z/TypeMismatchInExpr-RenameExpr-Vtype.error" classname="net.sourceforge.czt.typecheck.z.TypeCheckerTest$TestError" time="0"/>
  <testcase name="Test error - TypeMismatchInExpr: file:/root/czt-code/typechecker/typechecker-z/target/test-classes/net/sourceforge/czt/typecheck/tests/z/TypeMismatchInExpr-RenameExpr.error" classname="net.sourceforge.czt.typecheck.z.TypeCheckerTest$TestError" time="0"/>
  <testcase name="Test error - TypeMismatchInExpr: file:/root/czt-code/typechecker/typechecker-z/target/test-classes/net/sourceforge/czt/typecheck/tests/z/TypeMismatchInExpr-RenameExpr.error" classname="net.sourceforge.czt.typecheck.z.TypeCheckerTest$TestError" time="0"/>
  <testcase name="Test error - TypeMismatchInExpr: file:/root/czt-code/typechecker/typechecker-z/target/test-classes/net/sourceforge/czt/typecheck/tests/z/TypeMismatchInExpr-SchExpr2-1to1.error" classname="net.sourceforge.czt.typecheck.z.TypeCheckerTest$TestError" time="0"/>
  <testcase name="Test error - TypeMismatchInExpr: file:/root/czt-code/typechecker/typechecker-z/target/test-classes/net/sourceforge/czt/typecheck/tests/z/TypeMismatchInExpr-SchExpr2-1to1.error" classname="net.sourceforge.czt.typecheck.z.TypeCheckerTest$TestError" time="0"/>
  <testcase name="Test error - TypeMismatchInExpr: file:/root/czt-code/typechecker/typechecker-z/target/test-classes/net/sourceforge/czt/typecheck/tests/z/TypeMismatchInExpr-SchExpr2-Mto1.error" classname="net.sourceforge.czt.typecheck.z.TypeCheckerTest$TestError" time="0"/>
  <testcase name="Test error - TypeMismatchInExpr: file:/root/czt-code/typechecker/typechecker-z/target/test-classes/net/sourceforge/czt/typecheck/tests/z/TypeMismatchInExpr-SchExpr2-Mto1.error" classname="net.sourceforge.czt.typecheck.z.TypeCheckerTest$TestError" time="0.006"/>
  <testcase name="Test error - TypeMismatchInExpr: file:/root/czt-code/typechecker/typechecker-z/target/test-classes/net/sourceforge/czt/typecheck/tests/z/TypeMismatchInExpr-SchExpr2-MtoM.error" classname="net.sourceforge.czt.typecheck.z.TypeCheckerTest$TestError" time="0"/>
  <testcase name="Test error - TypeMismatchInExpr: file:/root/czt-code/typechecker/typechecker-z/target/test-classes/net/sourceforge/czt/typecheck/tests/z/TypeMismatchInExpr-SchExpr2-MtoM.error" classname="net.sourceforge.czt.typecheck.z.TypeCheckerTest$TestError" time="0"/>
  <testcase name="Test error - TypeMismatchInExpr: file:/root/czt-code/typechecker/typechecker-z/target/test-classes/net/sourceforge/czt/typecheck/tests/z/TypeMismatchInExpr-SchExpr2-Vright.error" classname="net.sourceforge.czt.typecheck.z.TypeCheckerTest$TestError" time="0"/>
  <testcase name="Test error - TypeMismatchInExpr: file:/root/czt-code/typechecker/typechecker-z/target/test-classes/net/sourceforge/czt/typecheck/tests/z/TypeMismatchInExpr-SchExpr2-Vright.error" classname="net.sourceforge.czt.typecheck.z.TypeCheckerTest$TestError" time="0"/>
  <testcase name="Test error - TypeMismatchInMemPred: file:/root/czt-code/typechecker/typechecker-z/target/test-classes/net/sourceforge/czt/typecheck/tests/z/TypeMismatchInMemPred-MemPred-Gen.error" classname="net.sourceforge.czt.typecheck.z.TypeCheckerTest$TestError" time="0"/>
  <testcase name="Test error - TypeMismatchInMemPred: file:/root/czt-code/typechecker/typechecker-z/target/test-classes/net/sourceforge/czt/typecheck/tests/z/TypeMismatchInMemPred-MemPred-Gen.error" classname="net.sourceforge.czt.typecheck.z.TypeCheckerTest$TestError" time="0"/>
  <testcase name="Test error - TypeMismatchInMemPred: file:/root/czt-code/typechecker/typechecker-z/target/test-classes/net/sourceforge/czt/typecheck/tests/z/TypeMismatchInMemPred-MemPred.error" classname="net.sourceforge.czt.typecheck.z.TypeCheckerTest$TestError" time="0.012"/>
  <testcase name="Test error - TypeMismatchInMemPred: file:/root/czt-code/typechecker/typechecker-z/target/test-classes/net/sourceforge/czt/typecheck/tests/z/TypeMismatchInMemPred-MemPred.error" classname="net.sourceforge.czt.typecheck.z.TypeCheckerTest$TestError" time="0"/>
  <testcase name="Test error - TypeMismatchInPipeExpr: file:/root/czt-code/typechecker/typechecker-z/target/test-classes/net/sourceforge/czt/typecheck/tests/z/TypeMismatchInPipeExpr-PipeExpr-1to1.error" classname="net.sourceforge.czt.typecheck.z.TypeCheckerTest$TestError" time="0"/>
  <testcase name="Test error - TypeMismatchInPipeExpr: file:/root/czt-code/typechecker/typechecker-z/target/test-classes/net/sourceforge/czt/typecheck/tests/z/TypeMismatchInPipeExpr-PipeExpr-1to1.error" classname="net.sourceforge.czt.typecheck.z.TypeCheckerTest$TestError" time="0.029"/>
  <testcase name="Test error - TypeMismatchInPipeExpr: file:/root/czt-code/typechecker/typechecker-z/target/test-classes/net/sourceforge/czt/typecheck/tests/z/TypeMismatchInPipeExpr-PipeExpr-Mto1.error" classname="net.sourceforge.czt.typecheck.z.TypeCheckerTest$TestError" time="0"/>
  <testcase name="Test error - TypeMismatchInPipeExpr: file:/root/czt-code/typechecker/typechecker-z/target/test-classes/net/sourceforge/czt/typecheck/tests/z/TypeMismatchInPipeExpr-PipeExpr-Mto1.error" classname="net.sourceforge.czt.typecheck.z.TypeCheckerTest$TestError" time="0"/>
  <testcase name="Test error - TypeMismatchInPipeExpr: file:/root/czt-code/typechecker/typechecker-z/target/test-classes/net/sourceforge/czt/typecheck/tests/z/TypeMismatchInPipeExpr-PipeExpr-MtoM.error" classname="net.sourceforge.czt.typecheck.z.TypeCheckerTest$TestError" time="0"/>
  <testcase name="Test error - TypeMismatchInPipeExpr: file:/root/czt-code/typechecker/typechecker-z/target/test-classes/net/sourceforge/czt/typecheck/tests/z/TypeMismatchInPipeExpr-PipeExpr-MtoM.error" classname="net.sourceforge.czt.typecheck.z.TypeCheckerTest$TestError" time="0"/>
  <testcase name="Test error - TypeMismatchInPipeExpr: file:/root/czt-code/typechecker/typechecker-z/target/test-classes/net/sourceforge/czt/typecheck/tests/z/TypeMismatchInPipeExpr-PipeExpr-Vleft.error" classname="net.sourceforge.czt.typecheck.z.TypeCheckerTest$TestError" time="0"/>
  <testcase name="Test error - TypeMismatchInPipeExpr: file:/root/czt-code/typechecker/typechecker-z/target/test-classes/net/sourceforge/czt/typecheck/tests/z/TypeMismatchInPipeExpr-PipeExpr-Vleft.error" classname="net.sourceforge.czt.typecheck.z.TypeCheckerTest$TestError" time="0"/>
  <testcase name="Test error - TypeMismatchInPipeExpr: file:/root/czt-code/typechecker/typechecker-z/target/test-classes/net/sourceforge/czt/typecheck/tests/z/TypeMismatchInPipeExpr-PipeExpr-Vright.error" classname="net.sourceforge.czt.typecheck.z.TypeCheckerTest$TestError" time="0"/>
  <testcase name="Test error - TypeMismatchInPipeExpr: file:/root/czt-code/typechecker/typechecker-z/target/test-classes/net/sourceforge/czt/typecheck/tests/z/TypeMismatchInPipeExpr-PipeExpr-Vright.error" classname="net.sourceforge.czt.typecheck.z.TypeCheckerTest$TestError" time="0.007"/>
  <testcase name="Test error - TypeMismatchInRelOp: file:/root/czt-code/typechecker/typechecker-z/target/test-classes/net/sourceforge/czt/typecheck/tests/z/TypeMismatchInRelOp-MemPred-Arg1.error" classname="net.sourceforge.czt.typecheck.z.TypeCheckerTest$TestError" time="0"/>
  <testcase name="Test error - TypeMismatchInRelOp: file:/root/czt-code/typechecker/typechecker-z/target/test-classes/net/sourceforge/czt/typecheck/tests/z/TypeMismatchInRelOp-MemPred-Arg1.error" classname="net.sourceforge.czt.typecheck.z.TypeCheckerTest$TestError" time="0"/>
  <testcase name="Test error - TypeMismatchInRelOp: file:/root/czt-code/typechecker/typechecker-z/target/test-classes/net/sourceforge/czt/typecheck/tests/z/TypeMismatchInRelOp-MemPred-Arg2.error" classname="net.sourceforge.czt.typecheck.z.TypeCheckerTest$TestError" time="0.013"/>
  <testcase name="Test error - TypeMismatchInRelOp: file:/root/czt-code/typechecker/typechecker-z/target/test-classes/net/sourceforge/czt/typecheck/tests/z/TypeMismatchInRelOp-MemPred-Arg2.error" classname="net.sourceforge.czt.typecheck.z.TypeCheckerTest$TestError" time="0"/>
  <testcase name="Test error - TypeMismatchInRelOp: file:/root/czt-code/typechecker/typechecker-z/target/test-classes/net/sourceforge/czt/typecheck/tests/z/TypeMismatchInRelOp-MemPred-Arg4.error" classname="net.sourceforge.czt.typecheck.z.TypeCheckerTest$TestError" time="0"/>
  <testcase name="Test error - TypeMismatchInRelOp: file:/root/czt-code/typechecker/typechecker-z/target/test-classes/net/sourceforge/czt/typecheck/tests/z/TypeMismatchInRelOp-MemPred-Arg4.error" classname="net.sourceforge.czt.typecheck.z.TypeCheckerTest$TestError" time="0"/>
  <testcase name="Test error - TypeMismatchInRelOp: file:/root/czt-code/typechecker/typechecker-z/target/test-classes/net/sourceforge/czt/typecheck/tests/z/TypeMismatchInRelOp-MemPred-Gen.error" classname="net.sourceforge.czt.typecheck.z.TypeCheckerTest$TestError" time="0"/>
  <testcase name="Test error - TypeMismatchInRelOp: file:/root/czt-code/typechecker/typechecker-z/target/test-classes/net/sourceforge/czt/typecheck/tests/z/TypeMismatchInRelOp-MemPred-Gen.error" classname="net.sourceforge.czt.typecheck.z.TypeCheckerTest$TestError" time="0.007"/>
  <testcase name="Test error - TypeMismatchInRelOp: file:/root/czt-code/typechecker/typechecker-z/target/test-classes/net/sourceforge/czt/typecheck/tests/z/TypeMismatchInRelOp-MemPred-Unary.error" classname="net.sourceforge.czt.typecheck.z.TypeCheckerTest$TestError" time="0"/>
  <testcase name="Test error - TypeMismatchInRelOp: file:/root/czt-code/typechecker/typechecker-z/target/test-classes/net/sourceforge/czt/typecheck/tests/z/TypeMismatchInRelOp-MemPred-Unary.error" classname="net.sourceforge.czt.typecheck.z.TypeCheckerTest$TestError" time="0"/>
  <testcase name="Test error - TypeMismatchInSetExpr: file:/root/czt-code/typechecker/typechecker-z/target/test-classes/net/sourceforge/czt/typecheck/tests/z/TypeMismatchInSetExpr-SetExpr-1.error" classname="net.sourceforge.czt.typecheck.z.TypeCheckerTest$TestError" time="0"/>
  <testcase name="Test error - TypeMismatchInSetExpr: file:/root/czt-code/typechecker/typechecker-z/target/test-classes/net/sourceforge/czt/typecheck/tests/z/TypeMismatchInSetExpr-SetExpr-1.error" classname="net.sourceforge.czt.typecheck.z.TypeCheckerTest$TestError" time="0"/>
  <testcase name="Test error - TypeMismatchInSetExpr: file:/root/czt-code/typechecker/typechecker-z/target/test-classes/net/sourceforge/czt/typecheck/tests/z/TypeMismatchInSetExpr-SetExpr-2.error" classname="net.sourceforge.czt.typecheck.z.TypeCheckerTest$TestError" time="0"/>
  <testcase name="Test error - TypeMismatchInSetExpr: file:/root/czt-code/typechecker/typechecker-z/target/test-classes/net/sourceforge/czt/typecheck/tests/z/TypeMismatchInSetExpr-SetExpr-2.error" classname="net.sourceforge.czt.typecheck.z.TypeCheckerTest$TestError" time="0"/>
  <testcase name="Test error - TypeMismatchInSetExpr: file:/root/czt-code/typechecker/typechecker-z/target/test-classes/net/sourceforge/czt/typecheck/tests/z/TypeMismatchInSetExpr-SetExpr-3.error" classname="net.sourceforge.czt.typecheck.z.TypeCheckerTest$TestError" time="0"/>
  <testcase name="Test error - TypeMismatchInSetExpr: file:/root/czt-code/typechecker/typechecker-z/target/test-classes/net/sourceforge/czt/typecheck/tests/z/TypeMismatchInSetExpr-SetExpr-3.error" classname="net.sourceforge.czt.typecheck.z.TypeCheckerTest$TestError" time="0"/>
  <testcase name="Test error - TypeMismatchInSignature: file:/root/czt-code/typechecker/typechecker-z/target/test-classes/net/sourceforge/czt/typecheck/tests/z/TypeMismatchInSignature-ExprPred-VSig.error" classname="net.sourceforge.czt.typecheck.z.TypeCheckerTest$TestError" time="0.016"/>
  <testcase name="Test error - TypeMismatchInSignature: file:/root/czt-code/typechecker/typechecker-z/target/test-classes/net/sourceforge/czt/typecheck/tests/z/TypeMismatchInSignature-ExprPred-VSig.error" classname="net.sourceforge.czt.typecheck.z.TypeCheckerTest$TestError" time="0.007"/>
  <testcase name="Test error - TypeMismatchInSignature: file:/root/czt-code/typechecker/typechecker-z/target/test-classes/net/sourceforge/czt/typecheck/tests/z/TypeMismatchInSignature-ExprPred.error" classname="net.sourceforge.czt.typecheck.z.TypeCheckerTest$TestError" time="0"/>
  <testcase name="Test error - TypeMismatchInSignature: file:/root/czt-code/typechecker/typechecker-z/target/test-classes/net/sourceforge/czt/typecheck/tests/z/TypeMismatchInSignature-ExprPred.error" classname="net.sourceforge.czt.typecheck.z.TypeCheckerTest$TestError" time="0"/>
  <testcase name="Test error - TypeMismatchInSignature: file:/root/czt-code/typechecker/typechecker-z/target/test-classes/net/sourceforge/czt/typecheck/tests/z/TypeMismatchInSignature-Global-InclDecl.error" classname="net.sourceforge.czt.typecheck.z.TypeCheckerTest$TestError" time="0"/>
  <testcase name="Test error - TypeMismatchInSignature: file:/root/czt-code/typechecker/typechecker-z/target/test-classes/net/sourceforge/czt/typecheck/tests/z/TypeMismatchInSignature-Global-InclDecl.error" classname="net.sourceforge.czt.typecheck.z.TypeCheckerTest$TestError" time="0"/>
  <testcase name="Test error - TypeMismatchInSignature: file:/root/czt-code/typechecker/typechecker-z/target/test-classes/net/sourceforge/czt/typecheck/tests/z/TypeMismatchInSignature-Global.error" classname="net.sourceforge.czt.typecheck.z.TypeCheckerTest$TestError" time="0"/>
  <testcase name="Test error - TypeMismatchInSignature: file:/root/czt-code/typechecker/typechecker-z/target/test-classes/net/sourceforge/czt/typecheck/tests/z/TypeMismatchInSignature-Global.error" classname="net.sourceforge.czt.typecheck.z.TypeCheckerTest$TestError" time="0"/>
  <testcase name="Test error - TypeMismatchInSignature: file:/root/czt-code/typechecker/typechecker-z/target/test-classes/net/sourceforge/czt/typecheck/tests/z/TypeMismatchInSignature-Local-InclDecl.error" classname="net.sourceforge.czt.typecheck.z.TypeCheckerTest$TestError" time="0"/>
  <testcase name="Test error - TypeMismatchInSignature: file:/root/czt-code/typechecker/typechecker-z/target/test-classes/net/sourceforge/czt/typecheck/tests/z/TypeMismatchInSignature-Local-InclDecl.error" classname="net.sourceforge.czt.typecheck.z.TypeCheckerTest$TestError" time="0"/>
  <testcase name="Test error - TypeMismatchInSignature: file:/root/czt-code/typechecker/typechecker-z/target/test-classes/net/sourceforge/czt/typecheck/tests/z/TypeMismatchInSignature-Local.error" classname="net.sourceforge.czt.typecheck.z.TypeCheckerTest$TestError" time="0"/>
  <testcase name="Test error - TypeMismatchInSignature: file:/root/czt-code/typechecker/typechecker-z/target/test-classes/net/sourceforge/czt/typecheck/tests/z/TypeMismatchInSignature-Local.error" classname="net.sourceforge.czt.typecheck.z.TypeCheckerTest$TestError" time="0"/>
  <testcase name="Test error - TypeMismatchInThetaExpr: file:/root/czt-code/typechecker/typechecker-z/target/test-classes/net/sourceforge/czt/typecheck/tests/z/TypeMismatchInThetaExpr-ThetaExpr.error" classname="net.sourceforge.czt.typecheck.z.TypeCheckerTest$TestError" time="0"/>
  <testcase name="Test error - TypeMismatchInThetaExpr: file:/root/czt-code/typechecker/typechecker-z/target/test-classes/net/sourceforge/czt/typecheck/tests/z/TypeMismatchInThetaExpr-ThetaExpr.error" classname="net.sourceforge.czt.typecheck.z.TypeCheckerTest$TestError" time="0.007"/>
  <testcase name="Test error - UndeclaredIdentifier: file:/root/czt-code/typechecker/typechecker-z/target/test-classes/net/sourceforge/czt/typecheck/tests/z/UndeclaredIdentifier-Freetypes.error" classname="net.sourceforge.czt.typecheck.z.TypeCheckerTest$TestError" time="0"/>
  <testcase name="Test error - UndeclaredIdentifier: file:/root/czt-code/typechecker/typechecker-z/target/test-classes/net/sourceforge/czt/typecheck/tests/z/UndeclaredIdentifier-Freetypes.error" classname="net.sourceforge.czt.typecheck.z.TypeCheckerTest$TestError" time="0"/>
  <testcase name="Test error - UndeclaredIdentifier: file:/root/czt-code/typechecker/typechecker-z/target/test-classes/net/sourceforge/czt/typecheck/tests/z/UndeclaredIdentifier-LambdaExpr.error" classname="net.sourceforge.czt.typecheck.z.TypeCheckerTest$TestError" time="0"/>
  <testcase name="Test error - UndeclaredIdentifier: file:/root/czt-code/typechecker/typechecker-z/target/test-classes/net/sourceforge/czt/typecheck/tests/z/UndeclaredIdentifier-LambdaExpr.error" classname="net.sourceforge.czt.typecheck.z.TypeCheckerTest$TestError" time="0"/>
  <testcase name="Test error - UndeclaredIdentifier: file:/root/czt-code/typechecker/typechecker-z/target/test-classes/net/sourceforge/czt/typecheck/tests/z/UndeclaredIdentifier-LetExpr.error" classname="net.sourceforge.czt.typecheck.z.TypeCheckerTest$TestError" time="0.014"/>
  <testcase name="Test error - UndeclaredIdentifier: file:/root/czt-code/typechecker/typechecker-z/target/test-classes/net/sourceforge/czt/typecheck/tests/z/UndeclaredIdentifier-LetExpr.error" classname="net.sourceforge.czt.typecheck.z.TypeCheckerTest$TestError" time="0.011"/>
  <testcase name="Test error - UndeclaredIdentifier: file:/root/czt-code/typechecker/typechecker-z/target/test-classes/net/sourceforge/czt/typecheck/tests/z/UndeclaredIdentifier-MuExpr-NoExpr.error" classname="net.sourceforge.czt.typecheck.z.TypeCheckerTest$TestError" time="0"/>
  <testcase name="Test error - UndeclaredIdentifier: file:/root/czt-code/typechecker/typechecker-z/target/test-classes/net/sourceforge/czt/typecheck/tests/z/UndeclaredIdentifier-MuExpr-NoExpr.error" classname="net.sourceforge.czt.typecheck.z.TypeCheckerTest$TestError" time="0"/>
  <testcase name="Test error - UndeclaredIdentifier: file:/root/czt-code/typechecker/typechecker-z/target/test-classes/net/sourceforge/czt/typecheck/tests/z/UndeclaredIdentifier-MuExpr.error" classname="net.sourceforge.czt.typecheck.z.TypeCheckerTest$TestError" time="0"/>
  <testcase name="Test error - UndeclaredIdentifier: file:/root/czt-code/typechecker/typechecker-z/target/test-classes/net/sourceforge/czt/typecheck/tests/z/UndeclaredIdentifier-MuExpr.error" classname="net.sourceforge.czt.typecheck.z.TypeCheckerTest$TestError" time="0"/>
  <testcase name="Test error - UndeclaredIdentifier: file:/root/czt-code/typechecker/typechecker-z/target/test-classes/net/sourceforge/czt/typecheck/tests/z/UndeclaredIdentifier-OverridenDeltaReference-1.error" classname="net.sourceforge.czt.typecheck.z.TypeCheckerTest$TestError" time="0"/>
  <testcase name="Test error - UndeclaredIdentifier: file:/root/czt-code/typechecker/typechecker-z/target/test-classes/net/sourceforge/czt/typecheck/tests/z/UndeclaredIdentifier-OverridenDeltaReference-1.error" classname="net.sourceforge.czt.typecheck.z.TypeCheckerTest$TestError" time="0"/>
  <testcase name="Test error - UndeclaredIdentifier: file:/root/czt-code/typechecker/typechecker-z/target/test-classes/net/sourceforge/czt/typecheck/tests/z/UndeclaredIdentifier-OverridenDeltaReference-2.error" classname="net.sourceforge.czt.typecheck.z.TypeCheckerTest$TestError" time="0"/>
  <testcase name="Test error - UndeclaredIdentifier: file:/root/czt-code/typechecker/typechecker-z/target/test-classes/net/sourceforge/czt/typecheck/tests/z/UndeclaredIdentifier-OverridenDeltaReference-2.error" classname="net.sourceforge.czt.typecheck.z.TypeCheckerTest$TestError" time="0"/>
  <testcase name="Test error - UndeclaredIdentifier: file:/root/czt-code/typechecker/typechecker-z/target/test-classes/net/sourceforge/czt/typecheck/tests/z/UndeclaredIdentifier-Qnt1Expr.error" classname="net.sourceforge.czt.typecheck.z.TypeCheckerTest$TestError" time="0"/>
  <testcase name="Test error - UndeclaredIdentifier: file:/root/czt-code/typechecker/typechecker-z/target/test-classes/net/sourceforge/czt/typecheck/tests/z/UndeclaredIdentifier-Qnt1Expr.error" classname="net.sourceforge.czt.typecheck.z.TypeCheckerTest$TestError" time="0"/>
  <testcase name="Test error - UndeclaredIdentifier: file:/root/czt-code/typechecker/typechecker-z/target/test-classes/net/sourceforge/czt/typecheck/tests/z/UndeclaredIdentifier-QntPred.error" classname="net.sourceforge.czt.typecheck.z.TypeCheckerTest$TestError" time="0"/>
  <testcase name="Test error - UndeclaredIdentifier: file:/root/czt-code/typechecker/typechecker-z/target/test-classes/net/sourceforge/czt/typecheck/tests/z/UndeclaredIdentifier-QntPred.error" classname="net.sourceforge.czt.typecheck.z.TypeCheckerTest$TestError" time="0"/>
  <testcase name="Test error - UndeclaredIdentifier: file:/root/czt-code/typechecker/typechecker-z/target/test-classes/net/sourceforge/czt/typecheck/tests/z/UndeclaredIdentifier-RefExpr.error" classname="net.sourceforge.czt.typecheck.z.TypeCheckerTest$TestError" time="0"/>
  <testcase name="Test error - UndeclaredIdentifier: file:/root/czt-code/typechecker/typechecker-z/target/test-classes/net/sourceforge/czt/typecheck/tests/z/UndeclaredIdentifier-RefExpr.error" classname="net.sourceforge.czt.typecheck.z.TypeCheckerTest$TestError" time="0.003"/>
  <testcase name="Test error - UndeclaredIdentifier: file:/root/czt-code/typechecker/typechecker-z/target/test-classes/net/sourceforge/czt/typecheck/tests/z/UndeclaredIdentifier-SchExpr.error" classname="net.sourceforge.czt.typecheck.z.TypeCheckerTest$TestError" time="0"/>
  <testcase name="Test error - UndeclaredIdentifier: file:/root/czt-code/typechecker/typechecker-z/target/test-classes/net/sourceforge/czt/typecheck/tests/z/UndeclaredIdentifier-SchExpr.error" classname="net.sourceforge.czt.typecheck.z.TypeCheckerTest$TestError" time="0"/>
  <testcase name="Test error - UndeclaredIdentifier: file:/root/czt-code/typechecker/typechecker-z/target/test-classes/net/sourceforge/czt/typecheck/tests/z/UndeclaredIdentifier-SetExpr.error" classname="net.sourceforge.czt.typecheck.z.TypeCheckerTest$TestError" time="0.017"/>
  <testcase name="Test error - UndeclaredIdentifier: file:/root/czt-code/typechecker/typechecker-z/target/test-classes/net/sourceforge/czt/typecheck/tests/z/UndeclaredIdentifier-SetExpr.error" classname="net.sourceforge.czt.typecheck.z.TypeCheckerTest$TestError" time="0.011"/>
  <testcase name="Test error - UndeclaredIdentifierInExpr: file:/root/czt-code/typechecker/typechecker-z/target/test-classes/net/sourceforge/czt/typecheck/tests/z/UndeclaredIdentifierInExpr-ExprPred.error" classname="net.sourceforge.czt.typecheck.z.TypeCheckerTest$TestError" time="0"/>
  <testcase name="Test error - UndeclaredIdentifierInExpr: file:/root/czt-code/typechecker/typechecker-z/target/test-classes/net/sourceforge/czt/typecheck/tests/z/UndeclaredIdentifierInExpr-ExprPred.error" classname="net.sourceforge.czt.typecheck.z.TypeCheckerTest$TestError" time="0"/>
  <testcase name="Test error - UndeclaredIdentifierInExpr: file:/root/czt-code/typechecker/typechecker-z/target/test-classes/net/sourceforge/czt/typecheck/tests/z/UndeclaredIdentifierInExpr-ThetaExpr-1.error" classname="net.sourceforge.czt.typecheck.z.TypeCheckerTest$TestError" time="0"/>
  <testcase name="Test error - UndeclaredIdentifierInExpr: file:/root/czt-code/typechecker/typechecker-z/target/test-classes/net/sourceforge/czt/typecheck/tests/z/UndeclaredIdentifierInExpr-ThetaExpr-1.error" classname="net.sourceforge.czt.typecheck.z.TypeCheckerTest$TestError" time="0"/>
  <testcase name="Test error - UndeclaredIdentifierInExpr: file:/root/czt-code/typechecker/typechecker-z/target/test-classes/net/sourceforge/czt/typecheck/tests/z/UndeclaredIdentifierInExpr-ThetaExpr-2.error" classname="net.sourceforge.czt.typecheck.z.TypeCheckerTest$TestError" time="0"/>
  <testcase name="Test error - UndeclaredIdentifierInExpr: file:/root/czt-code/typechecker/typechecker-z/target/test-classes/net/sourceforge/czt/typecheck/tests/z/UndeclaredIdentifierInExpr-ThetaExpr-2.error" classname="net.sourceforge.czt.typecheck.z.TypeCheckerTest$TestError" time="0"/>
  <testcase name="Test normal: file:/root/czt-code/typechecker/typechecker-z/target/test-classes/net/sourceforge/czt/typecheck/tests/z/VarDecl.tex" classname="net.sourceforge.czt.typecheck.z.TypeCheckerTest$TestNormal" time="0"/>
  <testcase name="Test normal: file:/root/czt-code/typechecker/typechecker-z/target/test-classes/net/sourceforge/czt/typecheck/tests/z/VarDecl.tex" classname="net.sourceforge.czt.typecheck.z.TypeCheckerTest$TestNormal" time="0"/>
  <testcase name="Test normal: file:/root/czt-code/typechecker/typechecker-z/target/test-classes/net/sourceforge/czt/typecheck/tests/z/template.tex" classname="net.sourceforge.czt.typecheck.z.TypeCheckerTest$TestNormal" time="0"/>
  <testcase name="Test normal: file:/root/czt-code/typechecker/typechecker-z/target/test-classes/net/sourceforge/czt/typecheck/tests/z/template.tex" classname="net.sourceforge.czt.typecheck.z.TypeCheckerTest$TestNormal" time="0"/>
  <testcase name="Test normal: file:/root/czt-code/typechecker/typechecker-z/target/test-classes/net/sourceforge/czt/typecheck/tests/z/typechecker_speed.tex" classname="net.sourceforge.czt.typecheck.z.TypeCheckerTest$TestNormal" time="0.012"/>
  <testcase name="Test normal: file:/root/czt-code/typechecker/typechecker-z/target/test-classes/net/sourceforge/czt/typecheck/tests/z/typechecker_speed.tex" classname="net.sourceforge.czt.typecheck.z.TypeCheckerTest$TestNormal" time="0.003"/>
  <testcase name="Test normal: file:/root/czt-code/typechecker/typechecker-z/target/test-classes/net/sourceforge/czt/typecheck/tests/z/zstateref.tex" classname="net.sourceforge.czt.typecheck.z.TypeCheckerTest$TestNormal" time="0"/>
  <testcase name="Test normal: file:/root/czt-code/typechecker/typechecker-z/target/test-classes/net/sourceforge/czt/typecheck/tests/z/zstateref.tex" classname="net.sourceforge.czt.typecheck.z.TypeCheckerTest$TestNormal" time="0.01"/>
  <testcase name="Test normal: file:/root/czt-code/typechecker/typechecker-z/target/test-classes/net/sourceforge/czt/typecheck/tests/z/recursiveTypes/Transitive.tex" classname="net.sourceforge.czt.typecheck.z.TypeCheckerTest$TestNormal" time="0.095"/>
  <testcase name="Test normal: file:/root/czt-code/typechecker/typechecker-z/target/test-classes/net/sourceforge/czt/typecheck/tests/z/useBeforeDecl/Fastest.tex" classname="net.sourceforge.czt.typecheck.z.TypeCheckerTest$TestNormal" time="0.012"/>
  <testcase name="Test normal: file:/root/czt-code/typechecker/typechecker-z/target/test-classes/net/sourceforge/czt/typecheck/tests/z/useBeforeDecl/Transitive.tex" classname="net.sourceforge.czt.typecheck.z.TypeCheckerTest$TestNormal" time="0.194"/>
</testsuite>